[1m[0mINFO[0m[0m[0m[22m [[3m2020-25-04 16:39:44[23m] [38;5;246mload saved model...[39m[0m[0m
[1m[38;5;31mDEBUG[39m[0m[0m[22m [[3m2020-25-04 16:39:51[23m] [38;5;244mValue: x =  -5.958191[39m[0m[0m
[1m[38;5;31mDEBUG[39m[0m[0m[22m [[3m2020-25-04 16:39:51[23m] [38;5;244mValue: y =  0.6880646[39m[0m[0m
[1m[38;5;31mDEBUG[39m[0m[0m[22m [[3m2020-25-04 16:39:51[23m] [38;5;244mValue: z =  8.135345[39m[0m[0m
[1m[38;5;31mDEBUG[39m[0m[0m[22m [[3m2020-25-04 16:39:51[23m] [38;5;244mValue: time_diff =  -1.424695[39m[0m[0m
[1m[38;5;31mDEBUG[39m[0m[0m[22m [[3m2020-25-04 16:39:51[23m] [38;5;244mValue: User =  a[39m[0m[0m
[1m[38;5;31mDEBUG[39m[0m[0m[22m [[3m2020-25-04 16:39:51[23m] [38;5;244mValue: Model =  nexus4[39m[0m[0m
[1m[38;5;31mDEBUG[39m[0m[0m[22m [[3m2020-25-04 16:39:51[23m] [38;5;244mValue: Device =  nexus4_1[39m[0m[0m
[1m[38;5;31mDEBUG[39m[0m[0m[22m [[3m2020-25-04 16:39:51[23m] [38;5;244mValue: gt =  stand[39m[0m[0m
[1m[38;5;31mDEBUG[39m[0m[0m[22m [[3m2020-25-04 16:39:51[23m] [38;5;244mGenerate data.table...[39m[0m[0m
[1m[38;5;31mDEBUG[39m[0m[0m[22m [[3m2020-25-04 16:39:51[23m] [38;5;244mConvert to H20.ai Object...[39m[0m[0m
[1m[38;5;31mDEBUG[39m[0m[0m[22m [[3m2020-25-04 16:39:51[23m] [38;5;244mMake prediction...[39m[0m[0m
[1m[38;5;31mDEBUG[39m[0m[0m[22m [[3m2020-25-04 16:39:51[23m] [38;5;244mCluster predicted: 1[39m[0m[0m
[1m[38;5;31mDEBUG[39m[0m[0m[22m [[3m2020-25-04 16:40:18[23m] [38;5;244mValue: x =  -5.958191[39m[0m[0m
[1m[38;5;31mDEBUG[39m[0m[0m[22m [[3m2020-25-04 16:40:18[23m] [38;5;244mValue: y =  0.6880646[39m[0m[0m
[1m[38;5;31mDEBUG[39m[0m[0m[22m [[3m2020-25-04 16:40:18[23m] [38;5;244mValue: z =  8.135345[39m[0m[0m
[1m[38;5;31mDEBUG[39m[0m[0m[22m [[3m2020-25-04 16:40:18[23m] [38;5;244mValue: time_diff =  -1.424695[39m[0m[0m
[1m[38;5;31mDEBUG[39m[0m[0m[22m [[3m2020-25-04 16:40:18[23m] [38;5;244mValue: User =  a[39m[0m[0m
[1m[38;5;31mDEBUG[39m[0m[0m[22m [[3m2020-25-04 16:40:18[23m] [38;5;244mValue: Model =  nexus4[39m[0m[0m
[1m[38;5;31mDEBUG[39m[0m[0m[22m [[3m2020-25-04 16:40:18[23m] [38;5;244mValue: Device =  nexus4_1[39m[0m[0m
[1m[38;5;31mDEBUG[39m[0m[0m[22m [[3m2020-25-04 16:40:18[23m] [38;5;244mValue: gt =  stand[39m[0m[0m
[1m[38;5;31mDEBUG[39m[0m[0m[22m [[3m2020-25-04 16:40:18[23m] [38;5;244mGenerate data.table...[39m[0m[0m
[1m[38;5;31mDEBUG[39m[0m[0m[22m [[3m2020-25-04 16:40:18[23m] [38;5;244mConvert to H20.ai Object...[39m[0m[0m
[1m[38;5;31mDEBUG[39m[0m[0m[22m [[3m2020-25-04 16:40:18[23m] [38;5;244mMake prediction...[39m[0m[0m
[1m[38;5;31mDEBUG[39m[0m[0m[22m [[3m2020-25-04 16:40:18[23m] [38;5;244mCluster predicted: 1[39m[0m[0m
[1m[38;5;31mDEBUG[39m[0m[0m[22m [[3m2020-25-04 16:40:20[23m] [38;5;244mValue: x =  -5.958191[39m[0m[0m
[1m[38;5;31mDEBUG[39m[0m[0m[22m [[3m2020-25-04 16:40:20[23m] [38;5;244mValue: y =  0.6880646[39m[0m[0m
[1m[38;5;31mDEBUG[39m[0m[0m[22m [[3m2020-25-04 16:40:20[23m] [38;5;244mValue: z =  8.135345[39m[0m[0m
[1m[38;5;31mDEBUG[39m[0m[0m[22m [[3m2020-25-04 16:40:20[23m] [38;5;244mValue: time_diff =  -1.424695[39m[0m[0m
[1m[38;5;31mDEBUG[39m[0m[0m[22m [[3m2020-25-04 16:40:20[23m] [38;5;244mValue: User =  a[39m[0m[0m
[1m[38;5;31mDEBUG[39m[0m[0m[22m [[3m2020-25-04 16:40:20[23m] [38;5;244mValue: Model =  nexus4[39m[0m[0m
[1m[38;5;31mDEBUG[39m[0m[0m[22m [[3m2020-25-04 16:40:20[23m] [38;5;244mValue: Device =  nexus4_1[39m[0m[0m
[1m[38;5;31mDEBUG[39m[0m[0m[22m [[3m2020-25-04 16:40:20[23m] [38;5;244mValue: gt =  stand[39m[0m[0m
[1m[38;5;31mDEBUG[39m[0m[0m[22m [[3m2020-25-04 16:40:20[23m] [38;5;244mGenerate data.table...[39m[0m[0m
[1m[38;5;31mDEBUG[39m[0m[0m[22m [[3m2020-25-04 16:40:20[23m] [38;5;244mConvert to H20.ai Object...[39m[0m[0m
[1m[38;5;31mDEBUG[39m[0m[0m[22m [[3m2020-25-04 16:40:20[23m] [38;5;244mMake prediction...[39m[0m[0m
[1m[38;5;31mDEBUG[39m[0m[0m[22m [[3m2020-25-04 16:40:20[23m] [38;5;244mCluster predicted: 1[39m[0m[0m
[1m[38;5;31mDEBUG[39m[0m[0m[22m [[3m2020-25-04 16:40:21[23m] [38;5;244mValue: x =  -5.958191[39m[0m[0m
[1m[38;5;31mDEBUG[39m[0m[0m[22m [[3m2020-25-04 16:40:21[23m] [38;5;244mValue: y =  0.6880646[39m[0m[0m
[1m[38;5;31mDEBUG[39m[0m[0m[22m [[3m2020-25-04 16:40:21[23m] [38;5;244mValue: z =  8.135345[39m[0m[0m
[1m[38;5;31mDEBUG[39m[0m[0m[22m [[3m2020-25-04 16:40:21[23m] [38;5;244mValue: time_diff =  -1.424695[39m[0m[0m
[1m[38;5;31mDEBUG[39m[0m[0m[22m [[3m2020-25-04 16:40:21[23m] [38;5;244mValue: User =  a[39m[0m[0m
[1m[38;5;31mDEBUG[39m[0m[0m[22m [[3m2020-25-04 16:40:21[23m] [38;5;244mValue: Model =  nexus4[39m[0m[0m
[1m[38;5;31mDEBUG[39m[0m[0m[22m [[3m2020-25-04 16:40:21[23m] [38;5;244mValue: Device =  nexus4_1[39m[0m[0m
[1m[38;5;31mDEBUG[39m[0m[0m[22m [[3m2020-25-04 16:40:21[23m] [38;5;244mValue: gt =  stand[39m[0m[0m
[1m[38;5;31mDEBUG[39m[0m[0m[22m [[3m2020-25-04 16:40:21[23m] [38;5;244mGenerate data.table...[39m[0m[0m
[1m[38;5;31mDEBUG[39m[0m[0m[22m [[3m2020-25-04 16:40:21[23m] [38;5;244mConvert to H20.ai Object...[39m[0m[0m
[1m[38;5;31mDEBUG[39m[0m[0m[22m [[3m2020-25-04 16:40:21[23m] [38;5;244mMake prediction...[39m[0m[0m
[1m[38;5;31mDEBUG[39m[0m[0m[22m [[3m2020-25-04 16:40:21[23m] [38;5;244mCluster predicted: 1[39m[0m[0m
[1m[38;5;31mDEBUG[39m[0m[0m[22m [[3m2020-25-04 16:40:23[23m] [38;5;244mValue: x =  -5.958191[39m[0m[0m
[1m[38;5;31mDEBUG[39m[0m[0m[22m [[3m2020-25-04 16:40:23[23m] [38;5;244mValue: y =  0.6880646[39m[0m[0m
[1m[38;5;31mDEBUG[39m[0m[0m[22m [[3m2020-25-04 16:40:23[23m] [38;5;244mValue: z =  8.135345[39m[0m[0m
[1m[38;5;31mDEBUG[39m[0m[0m[22m [[3m2020-25-04 16:40:23[23m] [38;5;244mValue: time_diff =  -1.424695[39m[0m[0m
[1m[38;5;31mDEBUG[39m[0m[0m[22m [[3m2020-25-04 16:40:23[23m] [38;5;244mValue: User =  a[39m[0m[0m
[1m[38;5;31mDEBUG[39m[0m[0m[22m [[3m2020-25-04 16:40:23[23m] [38;5;244mValue: Model =  nexus4[39m[0m[0m
[1m[38;5;31mDEBUG[39m[0m[0m[22m [[3m2020-25-04 16:40:23[23m] [38;5;244mValue: Device =  nexus4_1[39m[0m[0m
[1m[38;5;31mDEBUG[39m[0m[0m[22m [[3m2020-25-04 16:40:23[23m] [38;5;244mValue: gt =  stand[39m[0m[0m
[1m[38;5;31mDEBUG[39m[0m[0m[22m [[3m2020-25-04 16:40:23[23m] [38;5;244mGenerate data.table...[39m[0m[0m
[1m[38;5;31mDEBUG[39m[0m[0m[22m [[3m2020-25-04 16:40:23[23m] [38;5;244mConvert to H20.ai Object...[39m[0m[0m
[1m[38;5;31mDEBUG[39m[0m[0m[22m [[3m2020-25-04 16:40:23[23m] [38;5;244mMake prediction...[39m[0m[0m
[1m[38;5;31mDEBUG[39m[0m[0m[22m [[3m2020-25-04 16:40:23[23m] [38;5;244mCluster predicted: 1[39m[0m[0m
[1m[38;5;31mDEBUG[39m[0m[0m[22m [[3m2020-25-04 16:40:24[23m] [38;5;244mValue: x =  -5.958191[39m[0m[0m
[1m[38;5;31mDEBUG[39m[0m[0m[22m [[3m2020-25-04 16:40:24[23m] [38;5;244mValue: y =  0.6880646[39m[0m[0m
[1m[38;5;31mDEBUG[39m[0m[0m[22m [[3m2020-25-04 16:40:24[23m] [38;5;244mValue: z =  8.135345[39m[0m[0m
[1m[38;5;31mDEBUG[39m[0m[0m[22m [[3m2020-25-04 16:40:24[23m] [38;5;244mValue: time_diff =  -1.424695[39m[0m[0m
[1m[38;5;31mDEBUG[39m[0m[0m[22m [[3m2020-25-04 16:40:24[23m] [38;5;244mValue: User =  a[39m[0m[0m
[1m[38;5;31mDEBUG[39m[0m[0m[22m [[3m2020-25-04 16:40:24[23m] [38;5;244mValue: Model =  nexus4[39m[0m[0m
[1m[38;5;31mDEBUG[39m[0m[0m[22m [[3m2020-25-04 16:40:24[23m] [38;5;244mValue: Device =  nexus4_1[39m[0m[0m
[1m[38;5;31mDEBUG[39m[0m[0m[22m [[3m2020-25-04 16:40:24[23m] [38;5;244mValue: gt =  stand[39m[0m[0m
[1m[38;5;31mDEBUG[39m[0m[0m[22m [[3m2020-25-04 16:40:24[23m] [38;5;244mGenerate data.table...[39m[0m[0m
[1m[38;5;31mDEBUG[39m[0m[0m[22m [[3m2020-25-04 16:40:24[23m] [38;5;244mConvert to H20.ai Object...[39m[0m[0m
[1m[38;5;31mDEBUG[39m[0m[0m[22m [[3m2020-25-04 16:40:24[23m] [38;5;244mMake prediction...[39m[0m[0m
[1m[38;5;31mDEBUG[39m[0m[0m[22m [[3m2020-25-04 16:40:24[23m] [38;5;244mCluster predicted: 1[39m[0m[0m
[1m[0mINFO[0m[0m[0m[22m [[3m2020-25-04 16:45:20[23m] [38;5;246mload saved model...[39m[0m[0m
[1m[38;5;31mDEBUG[39m[0m[0m[22m [[3m2020-25-04 16:45:23[23m] [38;5;244mValue: x =  -5.958191[39m[0m[0m
[1m[38;5;31mDEBUG[39m[0m[0m[22m [[3m2020-25-04 16:45:23[23m] [38;5;244mValue: y =  0.6880646[39m[0m[0m
[1m[38;5;31mDEBUG[39m[0m[0m[22m [[3m2020-25-04 16:45:23[23m] [38;5;244mValue: z =  8.135345[39m[0m[0m
[1m[38;5;31mDEBUG[39m[0m[0m[22m [[3m2020-25-04 16:45:23[23m] [38;5;244mValue: time_diff =  -1.424695[39m[0m[0m
[1m[38;5;31mDEBUG[39m[0m[0m[22m [[3m2020-25-04 16:45:23[23m] [38;5;244mValue: User =  a[39m[0m[0m
[1m[38;5;31mDEBUG[39m[0m[0m[22m [[3m2020-25-04 16:45:23[23m] [38;5;244mValue: Model =  nexus4[39m[0m[0m
[1m[38;5;31mDEBUG[39m[0m[0m[22m [[3m2020-25-04 16:45:23[23m] [38;5;244mValue: Device =  nexus4_1[39m[0m[0m
[1m[38;5;31mDEBUG[39m[0m[0m[22m [[3m2020-25-04 16:45:23[23m] [38;5;244mValue: gt =  stand[39m[0m[0m
[1m[38;5;31mDEBUG[39m[0m[0m[22m [[3m2020-25-04 16:45:23[23m] [38;5;244mGenerate data.table...[39m[0m[0m
[1m[38;5;31mDEBUG[39m[0m[0m[22m [[3m2020-25-04 16:45:23[23m] [38;5;244mConvert to H20.ai Object...[39m[0m[0m
[1m[38;5;31mDEBUG[39m[0m[0m[22m [[3m2020-25-04 16:45:24[23m] [38;5;244mMake prediction...[39m[0m[0m
[1m[38;5;31mDEBUG[39m[0m[0m[22m [[3m2020-25-04 16:45:24[23m] [38;5;244mCluster predicted: 1[39m[0m[0m
[1m[38;5;31mDEBUG[39m[0m[0m[22m [[3m2020-25-04 16:45:25[23m] [38;5;244mValue: x =  -5.958191[39m[0m[0m
[1m[38;5;31mDEBUG[39m[0m[0m[22m [[3m2020-25-04 16:45:25[23m] [38;5;244mValue: y =  0.6880646[39m[0m[0m
[1m[38;5;31mDEBUG[39m[0m[0m[22m [[3m2020-25-04 16:45:25[23m] [38;5;244mValue: z =  8.135345[39m[0m[0m
[1m[38;5;31mDEBUG[39m[0m[0m[22m [[3m2020-25-04 16:45:25[23m] [38;5;244mValue: time_diff =  -1.424695[39m[0m[0m
[1m[38;5;31mDEBUG[39m[0m[0m[22m [[3m2020-25-04 16:45:25[23m] [38;5;244mValue: User =  a[39m[0m[0m
[1m[38;5;31mDEBUG[39m[0m[0m[22m [[3m2020-25-04 16:45:25[23m] [38;5;244mValue: Model =  nexus4[39m[0m[0m
[1m[38;5;31mDEBUG[39m[0m[0m[22m [[3m2020-25-04 16:45:25[23m] [38;5;244mValue: Device =  nexus4_1[39m[0m[0m
[1m[38;5;31mDEBUG[39m[0m[0m[22m [[3m2020-25-04 16:45:25[23m] [38;5;244mValue: gt =  stand[39m[0m[0m
[1m[38;5;31mDEBUG[39m[0m[0m[22m [[3m2020-25-04 16:45:25[23m] [38;5;244mGenerate data.table...[39m[0m[0m
[1m[38;5;31mDEBUG[39m[0m[0m[22m [[3m2020-25-04 16:45:25[23m] [38;5;244mConvert to H20.ai Object...[39m[0m[0m
[1m[38;5;31mDEBUG[39m[0m[0m[22m [[3m2020-25-04 16:45:25[23m] [38;5;244mMake prediction...[39m[0m[0m
[1m[38;5;31mDEBUG[39m[0m[0m[22m [[3m2020-25-04 16:45:25[23m] [38;5;244mCluster predicted: 1[39m[0m[0m
[1m[38;5;31mDEBUG[39m[0m[0m[22m [[3m2020-25-04 16:45:26[23m] [38;5;244mValue: x =  -5.958191[39m[0m[0m
[1m[38;5;31mDEBUG[39m[0m[0m[22m [[3m2020-25-04 16:45:26[23m] [38;5;244mValue: y =  0.6880646[39m[0m[0m
[1m[38;5;31mDEBUG[39m[0m[0m[22m [[3m2020-25-04 16:45:26[23m] [38;5;244mValue: z =  8.135345[39m[0m[0m
[1m[38;5;31mDEBUG[39m[0m[0m[22m [[3m2020-25-04 16:45:26[23m] [38;5;244mValue: time_diff =  -1.424695[39m[0m[0m
[1m[38;5;31mDEBUG[39m[0m[0m[22m [[3m2020-25-04 16:45:26[23m] [38;5;244mValue: User =  a[39m[0m[0m
[1m[38;5;31mDEBUG[39m[0m[0m[22m [[3m2020-25-04 16:45:26[23m] [38;5;244mValue: Model =  nexus4[39m[0m[0m
[1m[38;5;31mDEBUG[39m[0m[0m[22m [[3m2020-25-04 16:45:26[23m] [38;5;244mValue: Device =  nexus4_1[39m[0m[0m
[1m[38;5;31mDEBUG[39m[0m[0m[22m [[3m2020-25-04 16:45:26[23m] [38;5;244mValue: gt =  stand[39m[0m[0m
[1m[38;5;31mDEBUG[39m[0m[0m[22m [[3m2020-25-04 16:45:26[23m] [38;5;244mGenerate data.table...[39m[0m[0m
[1m[38;5;31mDEBUG[39m[0m[0m[22m [[3m2020-25-04 16:45:26[23m] [38;5;244mConvert to H20.ai Object...[39m[0m[0m
[1m[38;5;31mDEBUG[39m[0m[0m[22m [[3m2020-25-04 16:45:27[23m] [38;5;244mMake prediction...[39m[0m[0m
[1m[38;5;31mDEBUG[39m[0m[0m[22m [[3m2020-25-04 16:45:27[23m] [38;5;244mCluster predicted: 1[39m[0m[0m
[1m[38;5;31mDEBUG[39m[0m[0m[22m [[3m2020-25-04 16:45:28[23m] [38;5;244mValue: x =  -5.958191[39m[0m[0m
[1m[38;5;31mDEBUG[39m[0m[0m[22m [[3m2020-25-04 16:45:28[23m] [38;5;244mValue: y =  0.6880646[39m[0m[0m
[1m[38;5;31mDEBUG[39m[0m[0m[22m [[3m2020-25-04 16:45:28[23m] [38;5;244mValue: z =  8.135345[39m[0m[0m
[1m[38;5;31mDEBUG[39m[0m[0m[22m [[3m2020-25-04 16:45:28[23m] [38;5;244mValue: time_diff =  -1.424695[39m[0m[0m
[1m[38;5;31mDEBUG[39m[0m[0m[22m [[3m2020-25-04 16:45:28[23m] [38;5;244mValue: User =  a[39m[0m[0m
[1m[38;5;31mDEBUG[39m[0m[0m[22m [[3m2020-25-04 16:45:28[23m] [38;5;244mValue: Model =  nexus4[39m[0m[0m
[1m[38;5;31mDEBUG[39m[0m[0m[22m [[3m2020-25-04 16:45:28[23m] [38;5;244mValue: Device =  nexus4_1[39m[0m[0m
[1m[38;5;31mDEBUG[39m[0m[0m[22m [[3m2020-25-04 16:45:28[23m] [38;5;244mValue: gt =  stand[39m[0m[0m
[1m[38;5;31mDEBUG[39m[0m[0m[22m [[3m2020-25-04 16:45:28[23m] [38;5;244mGenerate data.table...[39m[0m[0m
[1m[38;5;31mDEBUG[39m[0m[0m[22m [[3m2020-25-04 16:45:28[23m] [38;5;244mConvert to H20.ai Object...[39m[0m[0m
[1m[38;5;31mDEBUG[39m[0m[0m[22m [[3m2020-25-04 16:45:28[23m] [38;5;244mMake prediction...[39m[0m[0m
[1m[38;5;31mDEBUG[39m[0m[0m[22m [[3m2020-25-04 16:45:28[23m] [38;5;244mCluster predicted: 1[39m[0m[0m
[1m[0mINFO[0m[0m[0m[22m [[3m2020-25-04 16:51:27[23m] [38;5;246mload saved model...[39m[0m[0m
[1m[38;5;31mDEBUG[39m[0m[0m[22m [[3m2020-25-04 16:51:31[23m] [38;5;244mValue: x =  -5.958191[39m[0m[0m
[1m[38;5;31mDEBUG[39m[0m[0m[22m [[3m2020-25-04 16:51:31[23m] [38;5;244mValue: y =  0.6880646[39m[0m[0m
[1m[38;5;31mDEBUG[39m[0m[0m[22m [[3m2020-25-04 16:51:31[23m] [38;5;244mValue: z =  8.135345[39m[0m[0m
[1m[38;5;31mDEBUG[39m[0m[0m[22m [[3m2020-25-04 16:51:31[23m] [38;5;244mValue: time_diff =  -1.424695[39m[0m[0m
[1m[38;5;31mDEBUG[39m[0m[0m[22m [[3m2020-25-04 16:51:31[23m] [38;5;244mValue: User =  a[39m[0m[0m
[1m[38;5;31mDEBUG[39m[0m[0m[22m [[3m2020-25-04 16:51:31[23m] [38;5;244mValue: Model =  nexus4[39m[0m[0m
[1m[38;5;31mDEBUG[39m[0m[0m[22m [[3m2020-25-04 16:51:31[23m] [38;5;244mValue: Device =  nexus4_1[39m[0m[0m
[1m[38;5;31mDEBUG[39m[0m[0m[22m [[3m2020-25-04 16:51:31[23m] [38;5;244mValue: gt =  stand[39m[0m[0m
[1m[38;5;31mDEBUG[39m[0m[0m[22m [[3m2020-25-04 16:51:31[23m] [38;5;244mGenerate data.table...[39m[0m[0m
[1m[38;5;31mDEBUG[39m[0m[0m[22m [[3m2020-25-04 16:51:31[23m] [38;5;244mConvert to H20.ai Object...[39m[0m[0m
[1m[38;5;31mDEBUG[39m[0m[0m[22m [[3m2020-25-04 16:51:31[23m] [38;5;244mMake prediction...[39m[0m[0m
[1m[38;5;31mDEBUG[39m[0m[0m[22m [[3m2020-25-04 16:51:31[23m] [38;5;244mCluster predicted: 1[39m[0m[0m
[1m[0mINFO[0m[0m[0m[22m [[3m2020-25-04 16:52:00[23m] [38;5;246mload saved model...[39m[0m[0m
[1m[38;5;31mDEBUG[39m[0m[0m[22m [[3m2020-25-04 16:52:03[23m] [38;5;244mValue: x =  -5.958191[39m[0m[0m
[1m[38;5;31mDEBUG[39m[0m[0m[22m [[3m2020-25-04 16:52:03[23m] [38;5;244mValue: y =  0.6880646[39m[0m[0m
[1m[38;5;31mDEBUG[39m[0m[0m[22m [[3m2020-25-04 16:52:03[23m] [38;5;244mValue: z =  8.135345[39m[0m[0m
[1m[38;5;31mDEBUG[39m[0m[0m[22m [[3m2020-25-04 16:52:03[23m] [38;5;244mValue: time_diff =  -1.424695[39m[0m[0m
[1m[38;5;31mDEBUG[39m[0m[0m[22m [[3m2020-25-04 16:52:03[23m] [38;5;244mValue: User =  a[39m[0m[0m
[1m[38;5;31mDEBUG[39m[0m[0m[22m [[3m2020-25-04 16:52:03[23m] [38;5;244mValue: Model =  nexus4[39m[0m[0m
[1m[38;5;31mDEBUG[39m[0m[0m[22m [[3m2020-25-04 16:52:03[23m] [38;5;244mValue: Device =  nexus4_1[39m[0m[0m
[1m[38;5;31mDEBUG[39m[0m[0m[22m [[3m2020-25-04 16:52:03[23m] [38;5;244mValue: gt =  stand[39m[0m[0m
[1m[38;5;31mDEBUG[39m[0m[0m[22m [[3m2020-25-04 16:52:03[23m] [38;5;244mGenerate data.table...[39m[0m[0m
[1m[38;5;31mDEBUG[39m[0m[0m[22m [[3m2020-25-04 16:52:03[23m] [38;5;244mConvert to H20.ai Object...[39m[0m[0m
[1m[38;5;31mDEBUG[39m[0m[0m[22m [[3m2020-25-04 16:52:03[23m] [38;5;244mMake prediction...[39m[0m[0m
[1m[38;5;31mDEBUG[39m[0m[0m[22m [[3m2020-25-04 16:52:03[23m] [38;5;244mCluster predicted: 1[39m[0m[0m
[1m[38;5;31mDEBUG[39m[0m[0m[22m [[3m2020-25-04 16:52:05[23m] [38;5;244mValue: x =  -5.958191[39m[0m[0m
[1m[38;5;31mDEBUG[39m[0m[0m[22m [[3m2020-25-04 16:52:05[23m] [38;5;244mValue: y =  0.6880646[39m[0m[0m
[1m[38;5;31mDEBUG[39m[0m[0m[22m [[3m2020-25-04 16:52:05[23m] [38;5;244mValue: z =  8.135345[39m[0m[0m
[1m[38;5;31mDEBUG[39m[0m[0m[22m [[3m2020-25-04 16:52:05[23m] [38;5;244mValue: time_diff =  -1.424695[39m[0m[0m
[1m[38;5;31mDEBUG[39m[0m[0m[22m [[3m2020-25-04 16:52:05[23m] [38;5;244mValue: User =  a[39m[0m[0m
[1m[38;5;31mDEBUG[39m[0m[0m[22m [[3m2020-25-04 16:52:05[23m] [38;5;244mValue: Model =  nexus4[39m[0m[0m
[1m[38;5;31mDEBUG[39m[0m[0m[22m [[3m2020-25-04 16:52:05[23m] [38;5;244mValue: Device =  nexus4_1[39m[0m[0m
[1m[38;5;31mDEBUG[39m[0m[0m[22m [[3m2020-25-04 16:52:05[23m] [38;5;244mValue: gt =  stand[39m[0m[0m
[1m[38;5;31mDEBUG[39m[0m[0m[22m [[3m2020-25-04 16:52:05[23m] [38;5;244mGenerate data.table...[39m[0m[0m
[1m[38;5;31mDEBUG[39m[0m[0m[22m [[3m2020-25-04 16:52:05[23m] [38;5;244mConvert to H20.ai Object...[39m[0m[0m
[1m[38;5;31mDEBUG[39m[0m[0m[22m [[3m2020-25-04 16:52:05[23m] [38;5;244mMake prediction...[39m[0m[0m
[1m[38;5;31mDEBUG[39m[0m[0m[22m [[3m2020-25-04 16:52:05[23m] [38;5;244mCluster predicted: 1[39m[0m[0m
[1m[0mINFO[0m[0m[0m[22m [[3m2020-25-04 16:52:54[23m] [38;5;246mload saved model...[39m[0m[0m
[1m[38;5;31mDEBUG[39m[0m[0m[22m [[3m2020-25-04 16:52:57[23m] [38;5;244mValue: x =  -5.958191[39m[0m[0m
[1m[38;5;31mDEBUG[39m[0m[0m[22m [[3m2020-25-04 16:52:57[23m] [38;5;244mValue: y =  0.6880646[39m[0m[0m
[1m[38;5;31mDEBUG[39m[0m[0m[22m [[3m2020-25-04 16:52:57[23m] [38;5;244mValue: z =  8.135345[39m[0m[0m
[1m[38;5;31mDEBUG[39m[0m[0m[22m [[3m2020-25-04 16:52:57[23m] [38;5;244mValue: time_diff =  -1.424695[39m[0m[0m
[1m[38;5;31mDEBUG[39m[0m[0m[22m [[3m2020-25-04 16:52:57[23m] [38;5;244mValue: User =  a[39m[0m[0m
[1m[38;5;31mDEBUG[39m[0m[0m[22m [[3m2020-25-04 16:52:57[23m] [38;5;244mValue: Model =  nexus4[39m[0m[0m
[1m[38;5;31mDEBUG[39m[0m[0m[22m [[3m2020-25-04 16:52:57[23m] [38;5;244mValue: Device =  nexus4_1[39m[0m[0m
[1m[38;5;31mDEBUG[39m[0m[0m[22m [[3m2020-25-04 16:52:57[23m] [38;5;244mValue: gt =  stand[39m[0m[0m
[1m[38;5;31mDEBUG[39m[0m[0m[22m [[3m2020-25-04 16:52:57[23m] [38;5;244mGenerate data.table...[39m[0m[0m
[1m[38;5;31mDEBUG[39m[0m[0m[22m [[3m2020-25-04 16:52:57[23m] [38;5;244mConvert to H20.ai Object...[39m[0m[0m
[1m[38;5;31mDEBUG[39m[0m[0m[22m [[3m2020-25-04 16:52:57[23m] [38;5;244mMake prediction...[39m[0m[0m
[1m[38;5;31mDEBUG[39m[0m[0m[22m [[3m2020-25-04 16:52:57[23m] [38;5;244mCluster predicted: 1[39m[0m[0m
[1m[0mINFO[0m[0m[0m[22m [[3m2020-25-04 16:54:13[23m] [38;5;246mload saved model...[39m[0m[0m
[1m[0mINFO[0m[0m[0m[22m [[3m2020-25-04 17:50:28[23m] [38;5;246mload saved model...[39m[0m[0m
[1m[38;5;31mDEBUG[39m[0m[0m[22m [[3m2020-25-04 17:50:32[23m] [38;5;244mValue: x =  -5.958191[39m[0m[0m
[1m[38;5;31mDEBUG[39m[0m[0m[22m [[3m2020-25-04 17:50:32[23m] [38;5;244mValue: y =  0.6880646[39m[0m[0m
[1m[38;5;31mDEBUG[39m[0m[0m[22m [[3m2020-25-04 17:50:32[23m] [38;5;244mValue: z =  8.135345[39m[0m[0m
[1m[38;5;31mDEBUG[39m[0m[0m[22m [[3m2020-25-04 17:50:32[23m] [38;5;244mValue: time_diff =  -1.424695[39m[0m[0m
[1m[38;5;31mDEBUG[39m[0m[0m[22m [[3m2020-25-04 17:50:32[23m] [38;5;244mValue: User =  a[39m[0m[0m
[1m[38;5;31mDEBUG[39m[0m[0m[22m [[3m2020-25-04 17:50:32[23m] [38;5;244mValue: Model =  nexus4[39m[0m[0m
[1m[38;5;31mDEBUG[39m[0m[0m[22m [[3m2020-25-04 17:50:32[23m] [38;5;244mValue: Device =  nexus4_1[39m[0m[0m
[1m[38;5;31mDEBUG[39m[0m[0m[22m [[3m2020-25-04 17:50:32[23m] [38;5;244mValue: gt =  stand[39m[0m[0m
[1m[38;5;31mDEBUG[39m[0m[0m[22m [[3m2020-25-04 17:50:32[23m] [38;5;244mGenerate data.table...[39m[0m[0m
[1m[38;5;31mDEBUG[39m[0m[0m[22m [[3m2020-25-04 17:50:32[23m] [38;5;244mConvert to H20.ai Object...[39m[0m[0m
[1m[38;5;31mDEBUG[39m[0m[0m[22m [[3m2020-25-04 17:50:32[23m] [38;5;244mMake prediction...[39m[0m[0m
[1m[38;5;31mDEBUG[39m[0m[0m[22m [[3m2020-25-04 17:50:32[23m] [38;5;244mCluster predicted: 1[39m[0m[0m
[1m[38;5;31mDEBUG[39m[0m[0m[22m [[3m2020-25-04 17:50:34[23m] [38;5;244mValue: x =  -5.958191[39m[0m[0m
[1m[38;5;31mDEBUG[39m[0m[0m[22m [[3m2020-25-04 17:50:34[23m] [38;5;244mValue: y =  0.6880646[39m[0m[0m
[1m[38;5;31mDEBUG[39m[0m[0m[22m [[3m2020-25-04 17:50:34[23m] [38;5;244mValue: z =  8.135345[39m[0m[0m
[1m[38;5;31mDEBUG[39m[0m[0m[22m [[3m2020-25-04 17:50:34[23m] [38;5;244mValue: time_diff =  -1.424695[39m[0m[0m
[1m[38;5;31mDEBUG[39m[0m[0m[22m [[3m2020-25-04 17:50:34[23m] [38;5;244mValue: User =  a[39m[0m[0m
[1m[38;5;31mDEBUG[39m[0m[0m[22m [[3m2020-25-04 17:50:34[23m] [38;5;244mValue: Model =  nexus4[39m[0m[0m
[1m[38;5;31mDEBUG[39m[0m[0m[22m [[3m2020-25-04 17:50:34[23m] [38;5;244mValue: Device =  nexus4_1[39m[0m[0m
[1m[38;5;31mDEBUG[39m[0m[0m[22m [[3m2020-25-04 17:50:34[23m] [38;5;244mValue: gt =  stand[39m[0m[0m
[1m[38;5;31mDEBUG[39m[0m[0m[22m [[3m2020-25-04 17:50:34[23m] [38;5;244mGenerate data.table...[39m[0m[0m
[1m[38;5;31mDEBUG[39m[0m[0m[22m [[3m2020-25-04 17:50:34[23m] [38;5;244mConvert to H20.ai Object...[39m[0m[0m
[1m[38;5;31mDEBUG[39m[0m[0m[22m [[3m2020-25-04 17:50:34[23m] [38;5;244mMake prediction...[39m[0m[0m
[1m[38;5;31mDEBUG[39m[0m[0m[22m [[3m2020-25-04 17:50:34[23m] [38;5;244mCluster predicted: 1[39m[0m[0m
[1m[38;5;31mDEBUG[39m[0m[0m[22m [[3m2020-25-04 17:50:34[23m] [38;5;244mValue: x =  -5.958191[39m[0m[0m
[1m[38;5;31mDEBUG[39m[0m[0m[22m [[3m2020-25-04 17:50:34[23m] [38;5;244mValue: y =  0.6880646[39m[0m[0m
[1m[38;5;31mDEBUG[39m[0m[0m[22m [[3m2020-25-04 17:50:34[23m] [38;5;244mValue: z =  8.135345[39m[0m[0m
[1m[38;5;31mDEBUG[39m[0m[0m[22m [[3m2020-25-04 17:50:34[23m] [38;5;244mValue: time_diff =  -1.424695[39m[0m[0m
[1m[38;5;31mDEBUG[39m[0m[0m[22m [[3m2020-25-04 17:50:34[23m] [38;5;244mValue: User =  a[39m[0m[0m
[1m[38;5;31mDEBUG[39m[0m[0m[22m [[3m2020-25-04 17:50:34[23m] [38;5;244mValue: Model =  nexus4[39m[0m[0m
[1m[38;5;31mDEBUG[39m[0m[0m[22m [[3m2020-25-04 17:50:34[23m] [38;5;244mValue: Device =  nexus4_1[39m[0m[0m
[1m[38;5;31mDEBUG[39m[0m[0m[22m [[3m2020-25-04 17:50:34[23m] [38;5;244mValue: gt =  stand[39m[0m[0m
[1m[38;5;31mDEBUG[39m[0m[0m[22m [[3m2020-25-04 17:50:34[23m] [38;5;244mGenerate data.table...[39m[0m[0m
[1m[38;5;31mDEBUG[39m[0m[0m[22m [[3m2020-25-04 17:50:34[23m] [38;5;244mConvert to H20.ai Object...[39m[0m[0m
[1m[38;5;31mDEBUG[39m[0m[0m[22m [[3m2020-25-04 17:50:35[23m] [38;5;244mMake prediction...[39m[0m[0m
[1m[38;5;31mDEBUG[39m[0m[0m[22m [[3m2020-25-04 17:50:35[23m] [38;5;244mCluster predicted: 1[39m[0m[0m
[1m[38;5;31mDEBUG[39m[0m[0m[22m [[3m2020-25-04 17:50:35[23m] [38;5;244mValue: x =  -5.958191[39m[0m[0m
[1m[38;5;31mDEBUG[39m[0m[0m[22m [[3m2020-25-04 17:50:35[23m] [38;5;244mValue: y =  0.6880646[39m[0m[0m
[1m[38;5;31mDEBUG[39m[0m[0m[22m [[3m2020-25-04 17:50:35[23m] [38;5;244mValue: z =  8.135345[39m[0m[0m
[1m[38;5;31mDEBUG[39m[0m[0m[22m [[3m2020-25-04 17:50:35[23m] [38;5;244mValue: time_diff =  -1.424695[39m[0m[0m
[1m[38;5;31mDEBUG[39m[0m[0m[22m [[3m2020-25-04 17:50:35[23m] [38;5;244mValue: User =  a[39m[0m[0m
[1m[38;5;31mDEBUG[39m[0m[0m[22m [[3m2020-25-04 17:50:35[23m] [38;5;244mValue: Model =  nexus4[39m[0m[0m
[1m[38;5;31mDEBUG[39m[0m[0m[22m [[3m2020-25-04 17:50:35[23m] [38;5;244mValue: Device =  nexus4_1[39m[0m[0m
[1m[38;5;31mDEBUG[39m[0m[0m[22m [[3m2020-25-04 17:50:35[23m] [38;5;244mValue: gt =  stand[39m[0m[0m
[1m[38;5;31mDEBUG[39m[0m[0m[22m [[3m2020-25-04 17:50:35[23m] [38;5;244mGenerate data.table...[39m[0m[0m
[1m[38;5;31mDEBUG[39m[0m[0m[22m [[3m2020-25-04 17:50:35[23m] [38;5;244mConvert to H20.ai Object...[39m[0m[0m
[1m[38;5;31mDEBUG[39m[0m[0m[22m [[3m2020-25-04 17:50:35[23m] [38;5;244mMake prediction...[39m[0m[0m
[1m[38;5;31mDEBUG[39m[0m[0m[22m [[3m2020-25-04 17:50:35[23m] [38;5;244mCluster predicted: 1[39m[0m[0m
[1m[38;5;31mDEBUG[39m[0m[0m[22m [[3m2020-25-04 17:50:36[23m] [38;5;244mValue: x =  -5.958191[39m[0m[0m
[1m[38;5;31mDEBUG[39m[0m[0m[22m [[3m2020-25-04 17:50:36[23m] [38;5;244mValue: y =  0.6880646[39m[0m[0m
[1m[38;5;31mDEBUG[39m[0m[0m[22m [[3m2020-25-04 17:50:36[23m] [38;5;244mValue: z =  8.135345[39m[0m[0m
[1m[38;5;31mDEBUG[39m[0m[0m[22m [[3m2020-25-04 17:50:36[23m] [38;5;244mValue: time_diff =  -1.424695[39m[0m[0m
[1m[38;5;31mDEBUG[39m[0m[0m[22m [[3m2020-25-04 17:50:36[23m] [38;5;244mValue: User =  a[39m[0m[0m
[1m[38;5;31mDEBUG[39m[0m[0m[22m [[3m2020-25-04 17:50:36[23m] [38;5;244mValue: Model =  nexus4[39m[0m[0m
[1m[38;5;31mDEBUG[39m[0m[0m[22m [[3m2020-25-04 17:50:36[23m] [38;5;244mValue: Device =  nexus4_1[39m[0m[0m
[1m[38;5;31mDEBUG[39m[0m[0m[22m [[3m2020-25-04 17:50:36[23m] [38;5;244mValue: gt =  stand[39m[0m[0m
[1m[38;5;31mDEBUG[39m[0m[0m[22m [[3m2020-25-04 17:50:36[23m] [38;5;244mGenerate data.table...[39m[0m[0m
[1m[38;5;31mDEBUG[39m[0m[0m[22m [[3m2020-25-04 17:50:36[23m] [38;5;244mConvert to H20.ai Object...[39m[0m[0m
[1m[38;5;31mDEBUG[39m[0m[0m[22m [[3m2020-25-04 17:50:37[23m] [38;5;244mMake prediction...[39m[0m[0m
[1m[38;5;31mDEBUG[39m[0m[0m[22m [[3m2020-25-04 17:50:37[23m] [38;5;244mCluster predicted: 1[39m[0m[0m
[1m[38;5;31mDEBUG[39m[0m[0m[22m [[3m2020-25-04 17:50:37[23m] [38;5;244mValue: x =  -5.958191[39m[0m[0m
[1m[38;5;31mDEBUG[39m[0m[0m[22m [[3m2020-25-04 17:50:37[23m] [38;5;244mValue: y =  0.6880646[39m[0m[0m
[1m[38;5;31mDEBUG[39m[0m[0m[22m [[3m2020-25-04 17:50:37[23m] [38;5;244mValue: z =  8.135345[39m[0m[0m
[1m[38;5;31mDEBUG[39m[0m[0m[22m [[3m2020-25-04 17:50:37[23m] [38;5;244mValue: time_diff =  -1.424695[39m[0m[0m
[1m[38;5;31mDEBUG[39m[0m[0m[22m [[3m2020-25-04 17:50:37[23m] [38;5;244mValue: User =  a[39m[0m[0m
[1m[38;5;31mDEBUG[39m[0m[0m[22m [[3m2020-25-04 17:50:37[23m] [38;5;244mValue: Model =  nexus4[39m[0m[0m
[1m[38;5;31mDEBUG[39m[0m[0m[22m [[3m2020-25-04 17:50:37[23m] [38;5;244mValue: Device =  nexus4_1[39m[0m[0m
[1m[38;5;31mDEBUG[39m[0m[0m[22m [[3m2020-25-04 17:50:37[23m] [38;5;244mValue: gt =  stand[39m[0m[0m
[1m[38;5;31mDEBUG[39m[0m[0m[22m [[3m2020-25-04 17:50:37[23m] [38;5;244mGenerate data.table...[39m[0m[0m
[1m[38;5;31mDEBUG[39m[0m[0m[22m [[3m2020-25-04 17:50:37[23m] [38;5;244mConvert to H20.ai Object...[39m[0m[0m
[1m[38;5;31mDEBUG[39m[0m[0m[22m [[3m2020-25-04 17:50:37[23m] [38;5;244mMake prediction...[39m[0m[0m
[1m[38;5;31mDEBUG[39m[0m[0m[22m [[3m2020-25-04 17:50:37[23m] [38;5;244mCluster predicted: 1[39m[0m[0m
[1m[38;5;31mDEBUG[39m[0m[0m[22m [[3m2020-25-04 17:52:24[23m] [38;5;244mValue: x =  -5.958191[39m[0m[0m
[1m[38;5;31mDEBUG[39m[0m[0m[22m [[3m2020-25-04 17:52:24[23m] [38;5;244mValue: y =  0.6880646[39m[0m[0m
[1m[38;5;31mDEBUG[39m[0m[0m[22m [[3m2020-25-04 17:52:24[23m] [38;5;244mValue: z =  8.135345[39m[0m[0m
[1m[38;5;31mDEBUG[39m[0m[0m[22m [[3m2020-25-04 17:52:24[23m] [38;5;244mValue: time_diff =  -1.424695[39m[0m[0m
[1m[38;5;31mDEBUG[39m[0m[0m[22m [[3m2020-25-04 17:52:24[23m] [38;5;244mValue: User =  a[39m[0m[0m
[1m[38;5;31mDEBUG[39m[0m[0m[22m [[3m2020-25-04 17:52:24[23m] [38;5;244mValue: Model =  nexus4[39m[0m[0m
[1m[38;5;31mDEBUG[39m[0m[0m[22m [[3m2020-25-04 17:52:24[23m] [38;5;244mValue: Device =  nexus4_1[39m[0m[0m
[1m[38;5;31mDEBUG[39m[0m[0m[22m [[3m2020-25-04 17:52:24[23m] [38;5;244mValue: gt =  stand[39m[0m[0m
[1m[38;5;31mDEBUG[39m[0m[0m[22m [[3m2020-25-04 17:52:24[23m] [38;5;244mGenerate data.table...[39m[0m[0m
[1m[38;5;31mDEBUG[39m[0m[0m[22m [[3m2020-25-04 17:52:24[23m] [38;5;244mConvert to H20.ai Object...[39m[0m[0m
[1m[38;5;31mDEBUG[39m[0m[0m[22m [[3m2020-25-04 17:52:25[23m] [38;5;244mMake prediction...[39m[0m[0m
[1m[38;5;31mDEBUG[39m[0m[0m[22m [[3m2020-25-04 17:52:25[23m] [38;5;244mCluster predicted: 1[39m[0m[0m
[1m[0mINFO[0m[0m[0m[22m [[3m2020-25-04 17:52:33[23m] [38;5;246mload saved model...[39m[0m[0m
[1m[38;5;31mDEBUG[39m[0m[0m[22m [[3m2020-25-04 17:52:36[23m] [38;5;244mRequest Values - x: -5.958191, y:0.6880646, z:8.135345, time_diff:-1.424695, User:a, Model:nexus4, Device:nexus4_1, gt:stand[39m[0m[0m
[1m[38;5;31mDEBUG[39m[0m[0m[22m [[3m2020-25-04 17:52:36[23m] [38;5;244mGenerate data.table...[39m[0m[0m
[1m[38;5;31mDEBUG[39m[0m[0m[22m [[3m2020-25-04 17:52:36[23m] [38;5;244mConvert to H20.ai Object...[39m[0m[0m
[1m[38;5;31mDEBUG[39m[0m[0m[22m [[3m2020-25-04 17:52:36[23m] [38;5;244mMake prediction...[39m[0m[0m
[1m[38;5;31mDEBUG[39m[0m[0m[22m [[3m2020-25-04 17:52:36[23m] [38;5;244mCluster predicted: 1[39m[0m[0m
[1m[0mINFO[0m[0m[0m[22m [[3m2020-25-04 17:58:48[23m] [38;5;246mload saved model...[39m[0m[0m
[1m[38;5;31mDEBUG[39m[0m[0m[22m [[3m2020-25-04 17:59:21[23m] [38;5;244mRequest Values - x: -5.958191, y:0.6880646, z:8.135345, time_diff:-1.424695, User:a, Model:nexus4, Device:nexus4_1, gt:stand[39m[0m[0m
[1m[38;5;31mDEBUG[39m[0m[0m[22m [[3m2020-25-04 17:59:21[23m] [38;5;244mGenerate data.table...[39m[0m[0m
[1m[38;5;31mDEBUG[39m[0m[0m[22m [[3m2020-25-04 17:59:21[23m] [38;5;244mConvert to H20.ai Object...[39m[0m[0m
[1m[38;5;31mDEBUG[39m[0m[0m[22m [[3m2020-25-04 17:59:21[23m] [38;5;244mMake prediction...[39m[0m[0m
[1m[38;5;31mDEBUG[39m[0m[0m[22m [[3m2020-25-04 17:59:21[23m] [38;5;244mCluster predicted: 1[39m[0m[0m
[1m[38;5;31mDEBUG[39m[0m[0m[22m [[3m2020-25-04 17:59:25[23m] [38;5;244mRequest Values - x: -5.958191, y:0.6880646, z:8.135345, time_diff:-1.424695, User:a, Model:nexus4, Device:nexus4_1, gt:stand[39m[0m[0m
[1m[38;5;31mDEBUG[39m[0m[0m[22m [[3m2020-25-04 17:59:25[23m] [38;5;244mGenerate data.table...[39m[0m[0m
[1m[38;5;31mDEBUG[39m[0m[0m[22m [[3m2020-25-04 17:59:25[23m] [38;5;244mConvert to H20.ai Object...[39m[0m[0m
[1m[38;5;31mDEBUG[39m[0m[0m[22m [[3m2020-25-04 17:59:25[23m] [38;5;244mMake prediction...[39m[0m[0m
[1m[38;5;31mDEBUG[39m[0m[0m[22m [[3m2020-25-04 17:59:25[23m] [38;5;244mCluster predicted: 1[39m[0m[0m
[1m[38;5;31mDEBUG[39m[0m[0m[22m [[3m2020-25-04 17:59:26[23m] [38;5;244mRequest Values - x: -5.958191, y:0.6880646, z:8.135345, time_diff:-1.424695, User:a, Model:nexus4, Device:nexus4_1, gt:stand[39m[0m[0m
[1m[38;5;31mDEBUG[39m[0m[0m[22m [[3m2020-25-04 17:59:26[23m] [38;5;244mGenerate data.table...[39m[0m[0m
[1m[38;5;31mDEBUG[39m[0m[0m[22m [[3m2020-25-04 17:59:26[23m] [38;5;244mConvert to H20.ai Object...[39m[0m[0m
[1m[38;5;31mDEBUG[39m[0m[0m[22m [[3m2020-25-04 17:59:26[23m] [38;5;244mMake prediction...[39m[0m[0m
[1m[38;5;31mDEBUG[39m[0m[0m[22m [[3m2020-25-04 17:59:26[23m] [38;5;244mCluster predicted: 1[39m[0m[0m
[1m[38;5;31mDEBUG[39m[0m[0m[22m [[3m2020-25-04 17:59:27[23m] [38;5;244mRequest Values - x: -5.958191, y:0.6880646, z:8.135345, time_diff:-1.424695, User:a, Model:nexus4, Device:nexus4_1, gt:stand[39m[0m[0m
[1m[38;5;31mDEBUG[39m[0m[0m[22m [[3m2020-25-04 17:59:27[23m] [38;5;244mGenerate data.table...[39m[0m[0m
[1m[38;5;31mDEBUG[39m[0m[0m[22m [[3m2020-25-04 17:59:27[23m] [38;5;244mConvert to H20.ai Object...[39m[0m[0m
[1m[38;5;31mDEBUG[39m[0m[0m[22m [[3m2020-25-04 17:59:27[23m] [38;5;244mMake prediction...[39m[0m[0m
[1m[38;5;31mDEBUG[39m[0m[0m[22m [[3m2020-25-04 17:59:27[23m] [38;5;244mCluster predicted: 1[39m[0m[0m
[1m[38;5;31mDEBUG[39m[0m[0m[22m [[3m2020-25-04 17:59:28[23m] [38;5;244mRequest Values - x: -5.958191, y:0.6880646, z:8.135345, time_diff:-1.424695, User:a, Model:nexus4, Device:nexus4_1, gt:stand[39m[0m[0m
[1m[38;5;31mDEBUG[39m[0m[0m[22m [[3m2020-25-04 17:59:28[23m] [38;5;244mGenerate data.table...[39m[0m[0m
[1m[38;5;31mDEBUG[39m[0m[0m[22m [[3m2020-25-04 17:59:28[23m] [38;5;244mConvert to H20.ai Object...[39m[0m[0m
[1m[38;5;31mDEBUG[39m[0m[0m[22m [[3m2020-25-04 17:59:28[23m] [38;5;244mMake prediction...[39m[0m[0m
[1m[38;5;31mDEBUG[39m[0m[0m[22m [[3m2020-25-04 17:59:28[23m] [38;5;244mCluster predicted: 1[39m[0m[0m
[1m[38;5;31mDEBUG[39m[0m[0m[22m [[3m2020-25-04 17:59:29[23m] [38;5;244mRequest Values - x: -5.958191, y:0.6880646, z:8.135345, time_diff:-1.424695, User:a, Model:nexus4, Device:nexus4_1, gt:stand[39m[0m[0m
[1m[38;5;31mDEBUG[39m[0m[0m[22m [[3m2020-25-04 17:59:29[23m] [38;5;244mGenerate data.table...[39m[0m[0m
[1m[38;5;31mDEBUG[39m[0m[0m[22m [[3m2020-25-04 17:59:29[23m] [38;5;244mConvert to H20.ai Object...[39m[0m[0m
[1m[38;5;31mDEBUG[39m[0m[0m[22m [[3m2020-25-04 17:59:29[23m] [38;5;244mMake prediction...[39m[0m[0m
[1m[38;5;31mDEBUG[39m[0m[0m[22m [[3m2020-25-04 17:59:29[23m] [38;5;244mCluster predicted: 1[39m[0m[0m
[1m[38;5;31mDEBUG[39m[0m[0m[22m [[3m2020-25-04 17:59:30[23m] [38;5;244mRequest Values - x: -5.958191, y:0.6880646, z:8.135345, time_diff:-1.424695, User:a, Model:nexus4, Device:nexus4_1, gt:stand[39m[0m[0m
[1m[38;5;31mDEBUG[39m[0m[0m[22m [[3m2020-25-04 17:59:30[23m] [38;5;244mGenerate data.table...[39m[0m[0m
[1m[38;5;31mDEBUG[39m[0m[0m[22m [[3m2020-25-04 17:59:30[23m] [38;5;244mConvert to H20.ai Object...[39m[0m[0m
[1m[38;5;31mDEBUG[39m[0m[0m[22m [[3m2020-25-04 17:59:30[23m] [38;5;244mMake prediction...[39m[0m[0m
[1m[38;5;31mDEBUG[39m[0m[0m[22m [[3m2020-25-04 17:59:30[23m] [38;5;244mCluster predicted: 1[39m[0m[0m
[1m[0mINFO[0m[0m[0m[22m [[3m2020-25-04 18:05:54[23m] [38;5;246mload saved model...[39m[0m[0m
[1m[38;5;31mDEBUG[39m[0m[0m[22m [[3m2020-25-04 18:06:02[23m] [38;5;244mRequest Values - x: -5.958191, y:0.6880646, z:8.135345, time_diff:-1.424695, User:a, Model:nexus4, Device:nexus4_1, gt:stand[39m[0m[0m
[1m[38;5;31mDEBUG[39m[0m[0m[22m [[3m2020-25-04 18:06:02[23m] [38;5;244mGenerate data.table...[39m[0m[0m
[1m[38;5;31mDEBUG[39m[0m[0m[22m [[3m2020-25-04 18:06:02[23m] [38;5;244mConvert to H20.ai Object...[39m[0m[0m
[1m[38;5;31mDEBUG[39m[0m[0m[22m [[3m2020-25-04 18:06:02[23m] [38;5;244mMake prediction...[39m[0m[0m
[1m[38;5;31mDEBUG[39m[0m[0m[22m [[3m2020-25-04 18:06:02[23m] [38;5;244mCluster predicted: 1[39m[0m[0m
[1m[38;5;31mDEBUG[39m[0m[0m[22m [[3m2020-25-04 18:06:04[23m] [38;5;244mRequest Values - x: -5.958191, y:0.6880646, z:8.135345, time_diff:-1.424695, User:a, Model:nexus4, Device:nexus4_1, gt:stand[39m[0m[0m
[1m[38;5;31mDEBUG[39m[0m[0m[22m [[3m2020-25-04 18:06:04[23m] [38;5;244mGenerate data.table...[39m[0m[0m
[1m[38;5;31mDEBUG[39m[0m[0m[22m [[3m2020-25-04 18:06:04[23m] [38;5;244mConvert to H20.ai Object...[39m[0m[0m
[1m[38;5;31mDEBUG[39m[0m[0m[22m [[3m2020-25-04 18:06:04[23m] [38;5;244mMake prediction...[39m[0m[0m
[1m[38;5;31mDEBUG[39m[0m[0m[22m [[3m2020-25-04 18:06:04[23m] [38;5;244mCluster predicted: 1[39m[0m[0m
[1m[38;5;31mDEBUG[39m[0m[0m[22m [[3m2020-25-04 18:06:05[23m] [38;5;244mRequest Values - x: -5.958191, y:0.6880646, z:8.135345, time_diff:-1.424695, User:a, Model:nexus4, Device:nexus4_1, gt:stand[39m[0m[0m
[1m[38;5;31mDEBUG[39m[0m[0m[22m [[3m2020-25-04 18:06:05[23m] [38;5;244mGenerate data.table...[39m[0m[0m
[1m[38;5;31mDEBUG[39m[0m[0m[22m [[3m2020-25-04 18:06:05[23m] [38;5;244mConvert to H20.ai Object...[39m[0m[0m
[1m[38;5;31mDEBUG[39m[0m[0m[22m [[3m2020-25-04 18:06:05[23m] [38;5;244mMake prediction...[39m[0m[0m
[1m[38;5;31mDEBUG[39m[0m[0m[22m [[3m2020-25-04 18:06:05[23m] [38;5;244mCluster predicted: 1[39m[0m[0m
[1m[38;5;31mDEBUG[39m[0m[0m[22m [[3m2020-25-04 18:06:06[23m] [38;5;244mRequest Values - x: -5.958191, y:0.6880646, z:8.135345, time_diff:-1.424695, User:a, Model:nexus4, Device:nexus4_1, gt:stand[39m[0m[0m
[1m[38;5;31mDEBUG[39m[0m[0m[22m [[3m2020-25-04 18:06:06[23m] [38;5;244mGenerate data.table...[39m[0m[0m
[1m[38;5;31mDEBUG[39m[0m[0m[22m [[3m2020-25-04 18:06:06[23m] [38;5;244mConvert to H20.ai Object...[39m[0m[0m
[1m[38;5;31mDEBUG[39m[0m[0m[22m [[3m2020-25-04 18:06:06[23m] [38;5;244mMake prediction...[39m[0m[0m
[1m[38;5;31mDEBUG[39m[0m[0m[22m [[3m2020-25-04 18:06:06[23m] [38;5;244mCluster predicted: 1[39m[0m[0m
[1m[38;5;31mDEBUG[39m[0m[0m[22m [[3m2020-25-04 18:06:06[23m] [38;5;244mRequest Values - x: -5.958191, y:0.6880646, z:8.135345, time_diff:-1.424695, User:a, Model:nexus4, Device:nexus4_1, gt:stand[39m[0m[0m
[1m[38;5;31mDEBUG[39m[0m[0m[22m [[3m2020-25-04 18:06:06[23m] [38;5;244mGenerate data.table...[39m[0m[0m
[1m[38;5;31mDEBUG[39m[0m[0m[22m [[3m2020-25-04 18:06:06[23m] [38;5;244mConvert to H20.ai Object...[39m[0m[0m
[1m[38;5;31mDEBUG[39m[0m[0m[22m [[3m2020-25-04 18:06:07[23m] [38;5;244mMake prediction...[39m[0m[0m
[1m[38;5;31mDEBUG[39m[0m[0m[22m [[3m2020-25-04 18:06:07[23m] [38;5;244mCluster predicted: 1[39m[0m[0m
[1m[38;5;31mDEBUG[39m[0m[0m[22m [[3m2020-25-04 18:06:07[23m] [38;5;244mRequest Values - x: -5.958191, y:0.6880646, z:8.135345, time_diff:-1.424695, User:a, Model:nexus4, Device:nexus4_1, gt:stand[39m[0m[0m
[1m[38;5;31mDEBUG[39m[0m[0m[22m [[3m2020-25-04 18:06:07[23m] [38;5;244mGenerate data.table...[39m[0m[0m
[1m[38;5;31mDEBUG[39m[0m[0m[22m [[3m2020-25-04 18:06:07[23m] [38;5;244mConvert to H20.ai Object...[39m[0m[0m
[1m[38;5;31mDEBUG[39m[0m[0m[22m [[3m2020-25-04 18:06:07[23m] [38;5;244mMake prediction...[39m[0m[0m
[1m[38;5;31mDEBUG[39m[0m[0m[22m [[3m2020-25-04 18:06:07[23m] [38;5;244mCluster predicted: 1[39m[0m[0m
[1m[38;5;31mDEBUG[39m[0m[0m[22m [[3m2020-25-04 18:06:08[23m] [38;5;244mRequest Values - x: -5.958191, y:0.6880646, z:8.135345, time_diff:-1.424695, User:a, Model:nexus4, Device:nexus4_1, gt:stand[39m[0m[0m
[1m[38;5;31mDEBUG[39m[0m[0m[22m [[3m2020-25-04 18:06:08[23m] [38;5;244mGenerate data.table...[39m[0m[0m
[1m[38;5;31mDEBUG[39m[0m[0m[22m [[3m2020-25-04 18:06:08[23m] [38;5;244mConvert to H20.ai Object...[39m[0m[0m
[1m[38;5;31mDEBUG[39m[0m[0m[22m [[3m2020-25-04 18:06:08[23m] [38;5;244mMake prediction...[39m[0m[0m
[1m[38;5;31mDEBUG[39m[0m[0m[22m [[3m2020-25-04 18:06:08[23m] [38;5;244mCluster predicted: 1[39m[0m[0m
[1m[38;5;31mDEBUG[39m[0m[0m[22m [[3m2020-25-04 18:06:09[23m] [38;5;244mRequest Values - x: -5.958191, y:0.6880646, z:8.135345, time_diff:-1.424695, User:a, Model:nexus4, Device:nexus4_1, gt:stand[39m[0m[0m
[1m[38;5;31mDEBUG[39m[0m[0m[22m [[3m2020-25-04 18:06:09[23m] [38;5;244mGenerate data.table...[39m[0m[0m
[1m[38;5;31mDEBUG[39m[0m[0m[22m [[3m2020-25-04 18:06:09[23m] [38;5;244mConvert to H20.ai Object...[39m[0m[0m
[1m[38;5;31mDEBUG[39m[0m[0m[22m [[3m2020-25-04 18:06:09[23m] [38;5;244mMake prediction...[39m[0m[0m
[1m[38;5;31mDEBUG[39m[0m[0m[22m [[3m2020-25-04 18:06:09[23m] [38;5;244mCluster predicted: 1[39m[0m[0m
[1m[38;5;31mDEBUG[39m[0m[0m[22m [[3m2020-25-04 18:06:09[23m] [38;5;244mRequest Values - x: -5.958191, y:0.6880646, z:8.135345, time_diff:-1.424695, User:a, Model:nexus4, Device:nexus4_1, gt:stand[39m[0m[0m
[1m[38;5;31mDEBUG[39m[0m[0m[22m [[3m2020-25-04 18:06:09[23m] [38;5;244mGenerate data.table...[39m[0m[0m
[1m[38;5;31mDEBUG[39m[0m[0m[22m [[3m2020-25-04 18:06:09[23m] [38;5;244mConvert to H20.ai Object...[39m[0m[0m
[1m[38;5;31mDEBUG[39m[0m[0m[22m [[3m2020-25-04 18:06:10[23m] [38;5;244mMake prediction...[39m[0m[0m
[1m[38;5;31mDEBUG[39m[0m[0m[22m [[3m2020-25-04 18:06:10[23m] [38;5;244mCluster predicted: 1[39m[0m[0m
[1m[38;5;31mDEBUG[39m[0m[0m[22m [[3m2020-25-04 18:06:10[23m] [38;5;244mRequest Values - x: -5.958191, y:0.6880646, z:8.135345, time_diff:-1.424695, User:a, Model:nexus4, Device:nexus4_1, gt:stand[39m[0m[0m
[1m[38;5;31mDEBUG[39m[0m[0m[22m [[3m2020-25-04 18:06:10[23m] [38;5;244mGenerate data.table...[39m[0m[0m
[1m[38;5;31mDEBUG[39m[0m[0m[22m [[3m2020-25-04 18:06:10[23m] [38;5;244mConvert to H20.ai Object...[39m[0m[0m
[1m[38;5;31mDEBUG[39m[0m[0m[22m [[3m2020-25-04 18:06:10[23m] [38;5;244mMake prediction...[39m[0m[0m
[1m[38;5;31mDEBUG[39m[0m[0m[22m [[3m2020-25-04 18:06:10[23m] [38;5;244mCluster predicted: 1[39m[0m[0m
[1m[38;5;31mDEBUG[39m[0m[0m[22m [[3m2020-25-04 18:06:11[23m] [38;5;244mRequest Values - x: -5.958191, y:0.6880646, z:8.135345, time_diff:-1.424695, User:a, Model:nexus4, Device:nexus4_1, gt:stand[39m[0m[0m
[1m[38;5;31mDEBUG[39m[0m[0m[22m [[3m2020-25-04 18:06:11[23m] [38;5;244mGenerate data.table...[39m[0m[0m
[1m[38;5;31mDEBUG[39m[0m[0m[22m [[3m2020-25-04 18:06:11[23m] [38;5;244mConvert to H20.ai Object...[39m[0m[0m
[1m[38;5;31mDEBUG[39m[0m[0m[22m [[3m2020-25-04 18:06:11[23m] [38;5;244mMake prediction...[39m[0m[0m
[1m[38;5;31mDEBUG[39m[0m[0m[22m [[3m2020-25-04 18:06:11[23m] [38;5;244mCluster predicted: 1[39m[0m[0m
[1m[38;5;31mDEBUG[39m[0m[0m[22m [[3m2020-25-04 18:06:12[23m] [38;5;244mRequest Values - x: -5.958191, y:0.6880646, z:8.135345, time_diff:-1.424695, User:a, Model:nexus4, Device:nexus4_1, gt:stand[39m[0m[0m
[1m[38;5;31mDEBUG[39m[0m[0m[22m [[3m2020-25-04 18:06:12[23m] [38;5;244mGenerate data.table...[39m[0m[0m
[1m[38;5;31mDEBUG[39m[0m[0m[22m [[3m2020-25-04 18:06:12[23m] [38;5;244mConvert to H20.ai Object...[39m[0m[0m
[1m[38;5;31mDEBUG[39m[0m[0m[22m [[3m2020-25-04 18:06:12[23m] [38;5;244mMake prediction...[39m[0m[0m
[1m[38;5;31mDEBUG[39m[0m[0m[22m [[3m2020-25-04 18:06:12[23m] [38;5;244mCluster predicted: 1[39m[0m[0m
[1m[38;5;31mDEBUG[39m[0m[0m[22m [[3m2020-25-04 18:06:12[23m] [38;5;244mRequest Values - x: -5.958191, y:0.6880646, z:8.135345, time_diff:-1.424695, User:a, Model:nexus4, Device:nexus4_1, gt:stand[39m[0m[0m
[1m[38;5;31mDEBUG[39m[0m[0m[22m [[3m2020-25-04 18:06:12[23m] [38;5;244mGenerate data.table...[39m[0m[0m
[1m[38;5;31mDEBUG[39m[0m[0m[22m [[3m2020-25-04 18:06:12[23m] [38;5;244mConvert to H20.ai Object...[39m[0m[0m
[1m[38;5;31mDEBUG[39m[0m[0m[22m [[3m2020-25-04 18:06:13[23m] [38;5;244mMake prediction...[39m[0m[0m
[1m[38;5;31mDEBUG[39m[0m[0m[22m [[3m2020-25-04 18:06:13[23m] [38;5;244mCluster predicted: 1[39m[0m[0m
[1m[38;5;31mDEBUG[39m[0m[0m[22m [[3m2020-25-04 18:06:13[23m] [38;5;244mRequest Values - x: -5.958191, y:0.6880646, z:8.135345, time_diff:-1.424695, User:a, Model:nexus4, Device:nexus4_1, gt:stand[39m[0m[0m
[1m[38;5;31mDEBUG[39m[0m[0m[22m [[3m2020-25-04 18:06:13[23m] [38;5;244mGenerate data.table...[39m[0m[0m
[1m[38;5;31mDEBUG[39m[0m[0m[22m [[3m2020-25-04 18:06:13[23m] [38;5;244mConvert to H20.ai Object...[39m[0m[0m
[1m[38;5;31mDEBUG[39m[0m[0m[22m [[3m2020-25-04 18:06:13[23m] [38;5;244mMake prediction...[39m[0m[0m
[1m[38;5;31mDEBUG[39m[0m[0m[22m [[3m2020-25-04 18:06:13[23m] [38;5;244mCluster predicted: 1[39m[0m[0m
[1m[38;5;31mDEBUG[39m[0m[0m[22m [[3m2020-25-04 18:06:14[23m] [38;5;244mRequest Values - x: -5.958191, y:0.6880646, z:8.135345, time_diff:-1.424695, User:a, Model:nexus4, Device:nexus4_1, gt:stand[39m[0m[0m
[1m[38;5;31mDEBUG[39m[0m[0m[22m [[3m2020-25-04 18:06:14[23m] [38;5;244mGenerate data.table...[39m[0m[0m
[1m[38;5;31mDEBUG[39m[0m[0m[22m [[3m2020-25-04 18:06:14[23m] [38;5;244mConvert to H20.ai Object...[39m[0m[0m
[1m[38;5;31mDEBUG[39m[0m[0m[22m [[3m2020-25-04 18:06:14[23m] [38;5;244mMake prediction...[39m[0m[0m
[1m[38;5;31mDEBUG[39m[0m[0m[22m [[3m2020-25-04 18:06:14[23m] [38;5;244mCluster predicted: 1[39m[0m[0m
[1m[0mINFO[0m[0m[0m[22m [[3m2020-25-04 18:09:36[23m] [38;5;246mload saved model...[39m[0m[0m
[1m[38;5;31mDEBUG[39m[0m[0m[22m [[3m2020-25-04 18:10:45[23m] [38;5;244mRequest Values - x: -5.958191, y:0.6880646, z:8.135345, time_diff:-1.424695, User:a, Model:nexus4, Device:nexus4_1, gt:stand[39m[0m[0m
[1m[38;5;31mDEBUG[39m[0m[0m[22m [[3m2020-25-04 18:10:45[23m] [38;5;244mGenerate data.table...[39m[0m[0m
[1m[38;5;31mDEBUG[39m[0m[0m[22m [[3m2020-25-04 18:10:45[23m] [38;5;244mConvert to H20.ai Object...[39m[0m[0m
[1m[38;5;31mDEBUG[39m[0m[0m[22m [[3m2020-25-04 18:10:45[23m] [38;5;244mMake prediction...[39m[0m[0m
[1m[38;5;31mDEBUG[39m[0m[0m[22m [[3m2020-25-04 18:10:45[23m] [38;5;244mCluster predicted: 1[39m[0m[0m
[1m[38;5;31mDEBUG[39m[0m[0m[22m [[3m2020-25-04 18:10:46[23m] [38;5;244mRequest Values - x: -5.958191, y:0.6880646, z:8.135345, time_diff:-1.424695, User:a, Model:nexus4, Device:nexus4_1, gt:stand[39m[0m[0m
[1m[38;5;31mDEBUG[39m[0m[0m[22m [[3m2020-25-04 18:10:46[23m] [38;5;244mGenerate data.table...[39m[0m[0m
[1m[38;5;31mDEBUG[39m[0m[0m[22m [[3m2020-25-04 18:10:46[23m] [38;5;244mConvert to H20.ai Object...[39m[0m[0m
[1m[38;5;31mDEBUG[39m[0m[0m[22m [[3m2020-25-04 18:10:46[23m] [38;5;244mMake prediction...[39m[0m[0m
[1m[38;5;31mDEBUG[39m[0m[0m[22m [[3m2020-25-04 18:10:46[23m] [38;5;244mCluster predicted: 1[39m[0m[0m
[1m[38;5;31mDEBUG[39m[0m[0m[22m [[3m2020-25-04 18:10:47[23m] [38;5;244mRequest Values - x: -5.958191, y:0.6880646, z:8.135345, time_diff:-1.424695, User:a, Model:nexus4, Device:nexus4_1, gt:stand[39m[0m[0m
[1m[38;5;31mDEBUG[39m[0m[0m[22m [[3m2020-25-04 18:10:47[23m] [38;5;244mGenerate data.table...[39m[0m[0m
[1m[38;5;31mDEBUG[39m[0m[0m[22m [[3m2020-25-04 18:10:47[23m] [38;5;244mConvert to H20.ai Object...[39m[0m[0m
[1m[38;5;31mDEBUG[39m[0m[0m[22m [[3m2020-25-04 18:10:47[23m] [38;5;244mMake prediction...[39m[0m[0m
[1m[38;5;31mDEBUG[39m[0m[0m[22m [[3m2020-25-04 18:10:47[23m] [38;5;244mCluster predicted: 1[39m[0m[0m
[1m[0mINFO[0m[0m[0m[22m [[3m2020-25-04 18:11:30[23m] [38;5;246mload saved model...[39m[0m[0m
[1m[0mINFO[0m[0m[0m[22m [[3m2020-25-04 18:11:39[23m] [38;5;246m127.0.0.1 "Mozilla/5.0 (Macintosh; Intel Mac OS X 10_15_2) AppleWebKit/537.36 (KHTML, like Gecko) QtWebEngine/5.12.1 Chrome/69.0.3497.128 Safari/537.36" 127.0.0.1:8000 GET / 200 0.008[39m[0m[0m
[1m[0mINFO[0m[0m[0m[22m [[3m2020-25-04 18:11:39[23m] [38;5;246m127.0.0.1 "Mozilla/5.0 (Macintosh; Intel Mac OS X 10_15_2) AppleWebKit/537.36 (KHTML, like Gecko) QtWebEngine/5.12.1 Chrome/69.0.3497.128 Safari/537.36" 127.0.0.1:8000 GET /swagger.json 200 0.045[39m[0m[0m
[1m[38;5;31mDEBUG[39m[0m[0m[22m [[3m2020-25-04 18:11:42[23m] [38;5;244mRequest Values - x: -5.958191, y:0.6880646, z:8.135345, time_diff:-1.424695, User:a, Model:nexus4, Device:nexus4_1, gt:stand[39m[0m[0m
[1m[38;5;31mDEBUG[39m[0m[0m[22m [[3m2020-25-04 18:11:42[23m] [38;5;244mGenerate data.table...[39m[0m[0m
[1m[38;5;31mDEBUG[39m[0m[0m[22m [[3m2020-25-04 18:11:42[23m] [38;5;244mConvert to H20.ai Object...[39m[0m[0m
[1m[38;5;31mDEBUG[39m[0m[0m[22m [[3m2020-25-04 18:11:42[23m] [38;5;244mMake prediction...[39m[0m[0m
[1m[38;5;31mDEBUG[39m[0m[0m[22m [[3m2020-25-04 18:11:42[23m] [38;5;244mCluster predicted: 1[39m[0m[0m
[1m[0mINFO[0m[0m[0m[22m [[3m2020-25-04 18:11:42[23m] [38;5;246m127.0.0.1 "curl/7.64.1" 127.0.0.1:8000 POST /prediction 200 0.368[39m[0m[0m
[1m[38;5;31mDEBUG[39m[0m[0m[22m [[3m2020-25-04 18:11:47[23m] [38;5;244mRequest Values - x: -5.958191, y:0.6880646, z:8.135345, time_diff:-1.424695, User:a, Model:nexus4, Device:nexus4_1, gt:stand[39m[0m[0m
[1m[38;5;31mDEBUG[39m[0m[0m[22m [[3m2020-25-04 18:11:47[23m] [38;5;244mGenerate data.table...[39m[0m[0m
[1m[38;5;31mDEBUG[39m[0m[0m[22m [[3m2020-25-04 18:11:47[23m] [38;5;244mConvert to H20.ai Object...[39m[0m[0m
[1m[38;5;31mDEBUG[39m[0m[0m[22m [[3m2020-25-04 18:11:47[23m] [38;5;244mMake prediction...[39m[0m[0m
[1m[38;5;31mDEBUG[39m[0m[0m[22m [[3m2020-25-04 18:11:47[23m] [38;5;244mCluster predicted: 1[39m[0m[0m
[1m[0mINFO[0m[0m[0m[22m [[3m2020-25-04 18:11:47[23m] [38;5;246m127.0.0.1 "curl/7.64.1" 127.0.0.1:8000 POST /prediction 200 0.281[39m[0m[0m
[1m[38;5;31mDEBUG[39m[0m[0m[22m [[3m2020-25-04 18:11:49[23m] [38;5;244mRequest Values - x: -5.958191, y:0.6880646, z:8.135345, time_diff:-1.424695, User:a, Model:nexus4, Device:nexus4_1, gt:stand[39m[0m[0m
[1m[38;5;31mDEBUG[39m[0m[0m[22m [[3m2020-25-04 18:11:49[23m] [38;5;244mGenerate data.table...[39m[0m[0m
[1m[38;5;31mDEBUG[39m[0m[0m[22m [[3m2020-25-04 18:11:49[23m] [38;5;244mConvert to H20.ai Object...[39m[0m[0m
[1m[38;5;31mDEBUG[39m[0m[0m[22m [[3m2020-25-04 18:11:49[23m] [38;5;244mMake prediction...[39m[0m[0m
[1m[38;5;31mDEBUG[39m[0m[0m[22m [[3m2020-25-04 18:11:49[23m] [38;5;244mCluster predicted: 1[39m[0m[0m
[1m[0mINFO[0m[0m[0m[22m [[3m2020-25-04 18:11:49[23m] [38;5;246m127.0.0.1 "curl/7.64.1" 127.0.0.1:8000 POST /prediction 200 0.268[39m[0m[0m
[1m[0mINFO[0m[0m[0m[22m [[3m2020-25-04 18:16:19[23m] [38;5;246mload saved model...[39m[0m[0m
[1m[0mINFO[0m[0m[0m[22m [[3m2020-25-04 18:16:27[23m] [38;5;246mREMOTE_ADDR: 127.0.0.1,  HTTP_USER_AGENT: "Mozilla/5.0 (Macintosh; Intel Mac OS X 10_15_2) AppleWebKit/537.36 (KHTML, like Gecko) QtWebEngine/5.12.1 Chrome/69.0.3497.128 Safari/537.36", HTTP_HOST: 127.0.0.1:8000,  REQUEST_METHOD: GET,  PATH_INFO: /, request_status: 200[39m[0m[0m
[1m[0mINFO[0m[0m[0m[22m [[3m2020-25-04 18:16:28[23m] [38;5;246mREMOTE_ADDR: 127.0.0.1,  HTTP_USER_AGENT: "Mozilla/5.0 (Macintosh; Intel Mac OS X 10_15_2) AppleWebKit/537.36 (KHTML, like Gecko) QtWebEngine/5.12.1 Chrome/69.0.3497.128 Safari/537.36", HTTP_HOST: 127.0.0.1:8000,  REQUEST_METHOD: GET,  PATH_INFO: /swagger.json, request_status: 200[39m[0m[0m
[1m[38;5;31mDEBUG[39m[0m[0m[22m [[3m2020-25-04 18:16:30[23m] [38;5;244mRequest Values - x: -5.958191, y:0.6880646, z:8.135345, time_diff:-1.424695, User:a, Model:nexus4, Device:nexus4_1, gt:stand[39m[0m[0m
[1m[38;5;31mDEBUG[39m[0m[0m[22m [[3m2020-25-04 18:16:30[23m] [38;5;244mGenerate data.table...[39m[0m[0m
[1m[38;5;31mDEBUG[39m[0m[0m[22m [[3m2020-25-04 18:16:30[23m] [38;5;244mConvert to H20.ai Object...[39m[0m[0m
[1m[38;5;31mDEBUG[39m[0m[0m[22m [[3m2020-25-04 18:16:31[23m] [38;5;244mMake prediction...[39m[0m[0m
[1m[38;5;31mDEBUG[39m[0m[0m[22m [[3m2020-25-04 18:16:31[23m] [38;5;244mCluster predicted: 1[39m[0m[0m
[1m[0mINFO[0m[0m[0m[22m [[3m2020-25-04 18:16:31[23m] [38;5;246mREMOTE_ADDR: 127.0.0.1,  HTTP_USER_AGENT: "curl/7.64.1", HTTP_HOST: 127.0.0.1:8000,  REQUEST_METHOD: POST,  PATH_INFO: /prediction, request_status: 200[39m[0m[0m
[1m[0mINFO[0m[0m[0m[22m [[3m2020-25-04 18:18:56[23m] [38;5;246mload saved model...[39m[0m[0m
[1m[0mINFO[0m[0m[0m[22m [[3m2020-25-04 18:19:05[23m] [38;5;246mREMOTE_ADDR: 127.0.0.1,  HTTP_USER_AGENT: "Mozilla/5.0 (Macintosh; Intel Mac OS X 10_15_2) AppleWebKit/537.36 (KHTML, like Gecko) QtWebEngine/5.12.1 Chrome/69.0.3497.128 Safari/537.36", HTTP_HOST: 127.0.0.1:8000,  REQUEST_METHOD: GET,  PATH_INFO: /, request_status: 200[39m[0m[0m
[1m[0mINFO[0m[0m[0m[22m [[3m2020-25-04 18:19:05[23m] [38;5;246mUHFAUDFUSHDFUASHUDH 127.0.0.1 "Mozilla/5.0 (Macintosh; Intel Mac OS X 10_15_2) AppleWebKit/537.36 (KHTML, like Gecko) QtWebEngine/5.12.1 Chrome/69.0.3497.128 Safari/537.36" 127.0.0.1:8000 GET / 200 0.002[39m[0m[0m
[1m[0mINFO[0m[0m[0m[22m [[3m2020-25-04 18:19:05[23m] [38;5;246mREMOTE_ADDR: 127.0.0.1,  HTTP_USER_AGENT: "Mozilla/5.0 (Macintosh; Intel Mac OS X 10_15_2) AppleWebKit/537.36 (KHTML, like Gecko) QtWebEngine/5.12.1 Chrome/69.0.3497.128 Safari/537.36", HTTP_HOST: 127.0.0.1:8000,  REQUEST_METHOD: GET,  PATH_INFO: /swagger.json, request_status: 200[39m[0m[0m
[1m[0mINFO[0m[0m[0m[22m [[3m2020-25-04 18:19:05[23m] [38;5;246mUHFAUDFUSHDFUASHUDH 127.0.0.1 "Mozilla/5.0 (Macintosh; Intel Mac OS X 10_15_2) AppleWebKit/537.36 (KHTML, like Gecko) QtWebEngine/5.12.1 Chrome/69.0.3497.128 Safari/537.36" 127.0.0.1:8000 GET /swagger.json 200 0.002[39m[0m[0m
[1m[38;5;31mDEBUG[39m[0m[0m[22m [[3m2020-25-04 18:19:09[23m] [38;5;244mRequest Values - x: -5.958191, y:0.6880646, z:8.135345, time_diff:-1.424695, User:a, Model:nexus4, Device:nexus4_1, gt:stand[39m[0m[0m
[1m[38;5;31mDEBUG[39m[0m[0m[22m [[3m2020-25-04 18:19:09[23m] [38;5;244mGenerate data.table...[39m[0m[0m
[1m[38;5;31mDEBUG[39m[0m[0m[22m [[3m2020-25-04 18:19:09[23m] [38;5;244mConvert to H20.ai Object...[39m[0m[0m
[1m[38;5;31mDEBUG[39m[0m[0m[22m [[3m2020-25-04 18:19:09[23m] [38;5;244mMake prediction...[39m[0m[0m
[1m[38;5;31mDEBUG[39m[0m[0m[22m [[3m2020-25-04 18:19:09[23m] [38;5;244mCluster predicted: 1[39m[0m[0m
[1m[0mINFO[0m[0m[0m[22m [[3m2020-25-04 18:19:09[23m] [38;5;246mREMOTE_ADDR: 127.0.0.1,  HTTP_USER_AGENT: "curl/7.64.1", HTTP_HOST: 127.0.0.1:8000,  REQUEST_METHOD: POST,  PATH_INFO: /prediction, request_status: 200[39m[0m[0m
[1m[0mINFO[0m[0m[0m[22m [[3m2020-25-04 18:19:09[23m] [38;5;246mUHFAUDFUSHDFUASHUDH 127.0.0.1 "curl/7.64.1" 127.0.0.1:8000 POST /prediction 200 0.277[39m[0m[0m
[1m[38;5;31mDEBUG[39m[0m[0m[22m [[3m2020-25-04 18:19:18[23m] [38;5;244mRequest Values - x: -5.958191, y:0.6880646, z:8.135345, time_diff:-1.424695, User:a, Model:nexus4, Device:nexus4_1, gt:stand[39m[0m[0m
[1m[38;5;31mDEBUG[39m[0m[0m[22m [[3m2020-25-04 18:19:18[23m] [38;5;244mGenerate data.table...[39m[0m[0m
[1m[38;5;31mDEBUG[39m[0m[0m[22m [[3m2020-25-04 18:19:18[23m] [38;5;244mConvert to H20.ai Object...[39m[0m[0m
[1m[38;5;31mDEBUG[39m[0m[0m[22m [[3m2020-25-04 18:19:19[23m] [38;5;244mMake prediction...[39m[0m[0m
[1m[38;5;31mDEBUG[39m[0m[0m[22m [[3m2020-25-04 18:19:19[23m] [38;5;244mCluster predicted: 1[39m[0m[0m
[1m[0mINFO[0m[0m[0m[22m [[3m2020-25-04 18:19:19[23m] [38;5;246mREMOTE_ADDR: 127.0.0.1,  HTTP_USER_AGENT: "curl/7.64.1", HTTP_HOST: 127.0.0.1:8000,  REQUEST_METHOD: POST,  PATH_INFO: /prediction, request_status: 200[39m[0m[0m
[1m[0mINFO[0m[0m[0m[22m [[3m2020-25-04 18:19:19[23m] [38;5;246mUHFAUDFUSHDFUASHUDH 127.0.0.1 "curl/7.64.1" 127.0.0.1:8000 POST /prediction 200 0.27[39m[0m[0m
[1m[38;5;31mDEBUG[39m[0m[0m[22m [[3m2020-25-04 18:19:26[23m] [38;5;244mRequest Values - x: -5.958191, y:0.6880646, z:8.135345, time_diff:-1.424695, User:a, Model:nexus4, Device:nexus4_1, gt:stand[39m[0m[0m
[1m[38;5;31mDEBUG[39m[0m[0m[22m [[3m2020-25-04 18:19:26[23m] [38;5;244mGenerate data.table...[39m[0m[0m
[1m[38;5;31mDEBUG[39m[0m[0m[22m [[3m2020-25-04 18:19:26[23m] [38;5;244mConvert to H20.ai Object...[39m[0m[0m
[1m[38;5;31mDEBUG[39m[0m[0m[22m [[3m2020-25-04 18:19:26[23m] [38;5;244mMake prediction...[39m[0m[0m
[1m[38;5;31mDEBUG[39m[0m[0m[22m [[3m2020-25-04 18:19:26[23m] [38;5;244mCluster predicted: 1[39m[0m[0m
[1m[0mINFO[0m[0m[0m[22m [[3m2020-25-04 18:19:26[23m] [38;5;246mREMOTE_ADDR: 127.0.0.1,  HTTP_USER_AGENT: "curl/7.64.1", HTTP_HOST: 127.0.0.1:8000,  REQUEST_METHOD: POST,  PATH_INFO: /prediction, request_status: 200[39m[0m[0m
[1m[0mINFO[0m[0m[0m[22m [[3m2020-25-04 18:19:26[23m] [38;5;246mUHFAUDFUSHDFUASHUDH 127.0.0.1 "curl/7.64.1" 127.0.0.1:8000 POST /prediction 200 0.26[39m[0m[0m
[1m[38;5;31mDEBUG[39m[0m[0m[22m [[3m2020-25-04 18:19:28[23m] [38;5;244mRequest Values - x: -5.958191, y:0.6880646, z:8.135345, time_diff:-1.424695, User:a, Model:nexus4, Device:nexus4_1, gt:stand[39m[0m[0m
[1m[38;5;31mDEBUG[39m[0m[0m[22m [[3m2020-25-04 18:19:28[23m] [38;5;244mGenerate data.table...[39m[0m[0m
[1m[38;5;31mDEBUG[39m[0m[0m[22m [[3m2020-25-04 18:19:28[23m] [38;5;244mConvert to H20.ai Object...[39m[0m[0m
[1m[38;5;31mDEBUG[39m[0m[0m[22m [[3m2020-25-04 18:19:28[23m] [38;5;244mMake prediction...[39m[0m[0m
[1m[38;5;31mDEBUG[39m[0m[0m[22m [[3m2020-25-04 18:19:28[23m] [38;5;244mCluster predicted: 1[39m[0m[0m
[1m[0mINFO[0m[0m[0m[22m [[3m2020-25-04 18:19:28[23m] [38;5;246mREMOTE_ADDR: 127.0.0.1,  HTTP_USER_AGENT: "curl/7.64.1", HTTP_HOST: 127.0.0.1:8000,  REQUEST_METHOD: POST,  PATH_INFO: /prediction, request_status: 200[39m[0m[0m
[1m[0mINFO[0m[0m[0m[22m [[3m2020-25-04 18:19:28[23m] [38;5;246mUHFAUDFUSHDFUASHUDH 127.0.0.1 "curl/7.64.1" 127.0.0.1:8000 POST /prediction 200 0.259[39m[0m[0m
[1m[38;5;31mDEBUG[39m[0m[0m[22m [[3m2020-25-04 18:19:29[23m] [38;5;244mRequest Values - x: -5.958191, y:0.6880646, z:8.135345, time_diff:-1.424695, User:a, Model:nexus4, Device:nexus4_1, gt:stand[39m[0m[0m
[1m[38;5;31mDEBUG[39m[0m[0m[22m [[3m2020-25-04 18:19:29[23m] [38;5;244mGenerate data.table...[39m[0m[0m
[1m[38;5;31mDEBUG[39m[0m[0m[22m [[3m2020-25-04 18:19:29[23m] [38;5;244mConvert to H20.ai Object...[39m[0m[0m
[1m[38;5;31mDEBUG[39m[0m[0m[22m [[3m2020-25-04 18:19:30[23m] [38;5;244mMake prediction...[39m[0m[0m
[1m[38;5;31mDEBUG[39m[0m[0m[22m [[3m2020-25-04 18:19:30[23m] [38;5;244mCluster predicted: 1[39m[0m[0m
[1m[0mINFO[0m[0m[0m[22m [[3m2020-25-04 18:19:30[23m] [38;5;246mREMOTE_ADDR: 127.0.0.1,  HTTP_USER_AGENT: "curl/7.64.1", HTTP_HOST: 127.0.0.1:8000,  REQUEST_METHOD: POST,  PATH_INFO: /prediction, request_status: 200[39m[0m[0m
[1m[0mINFO[0m[0m[0m[22m [[3m2020-25-04 18:19:30[23m] [38;5;246mUHFAUDFUSHDFUASHUDH 127.0.0.1 "curl/7.64.1" 127.0.0.1:8000 POST /prediction 200 0.264[39m[0m[0m
[1m[38;5;31mDEBUG[39m[0m[0m[22m [[3m2020-25-04 18:19:31[23m] [38;5;244mRequest Values - x: -5.958191, y:0.6880646, z:8.135345, time_diff:-1.424695, User:a, Model:nexus4, Device:nexus4_1, gt:stand[39m[0m[0m
[1m[38;5;31mDEBUG[39m[0m[0m[22m [[3m2020-25-04 18:19:31[23m] [38;5;244mGenerate data.table...[39m[0m[0m
[1m[38;5;31mDEBUG[39m[0m[0m[22m [[3m2020-25-04 18:19:31[23m] [38;5;244mConvert to H20.ai Object...[39m[0m[0m
[1m[38;5;31mDEBUG[39m[0m[0m[22m [[3m2020-25-04 18:19:31[23m] [38;5;244mMake prediction...[39m[0m[0m
[1m[38;5;31mDEBUG[39m[0m[0m[22m [[3m2020-25-04 18:19:31[23m] [38;5;244mCluster predicted: 1[39m[0m[0m
[1m[0mINFO[0m[0m[0m[22m [[3m2020-25-04 18:19:31[23m] [38;5;246mREMOTE_ADDR: 127.0.0.1,  HTTP_USER_AGENT: "curl/7.64.1", HTTP_HOST: 127.0.0.1:8000,  REQUEST_METHOD: POST,  PATH_INFO: /prediction, request_status: 200[39m[0m[0m
[1m[0mINFO[0m[0m[0m[22m [[3m2020-25-04 18:19:31[23m] [38;5;246mUHFAUDFUSHDFUASHUDH 127.0.0.1 "curl/7.64.1" 127.0.0.1:8000 POST /prediction 200 0.265[39m[0m[0m
[1m[38;5;31mDEBUG[39m[0m[0m[22m [[3m2020-25-04 18:19:34[23m] [38;5;244mRequest Values - x: -5.958191, y:0.6880646, z:8.135345, time_diff:-1.424695, User:a, Model:nexus4, Device:nexus4_1, gt:stand[39m[0m[0m
[1m[38;5;31mDEBUG[39m[0m[0m[22m [[3m2020-25-04 18:19:34[23m] [38;5;244mGenerate data.table...[39m[0m[0m
[1m[38;5;31mDEBUG[39m[0m[0m[22m [[3m2020-25-04 18:19:34[23m] [38;5;244mConvert to H20.ai Object...[39m[0m[0m
[1m[38;5;31mDEBUG[39m[0m[0m[22m [[3m2020-25-04 18:19:34[23m] [38;5;244mMake prediction...[39m[0m[0m
[1m[38;5;31mDEBUG[39m[0m[0m[22m [[3m2020-25-04 18:19:34[23m] [38;5;244mCluster predicted: 1[39m[0m[0m
[1m[0mINFO[0m[0m[0m[22m [[3m2020-25-04 18:19:34[23m] [38;5;246mREMOTE_ADDR: 127.0.0.1,  HTTP_USER_AGENT: "curl/7.64.1", HTTP_HOST: 127.0.0.1:8000,  REQUEST_METHOD: POST,  PATH_INFO: /prediction, request_status: 200[39m[0m[0m
[1m[0mINFO[0m[0m[0m[22m [[3m2020-25-04 18:19:34[23m] [38;5;246mUHFAUDFUSHDFUASHUDH 127.0.0.1 "curl/7.64.1" 127.0.0.1:8000 POST /prediction 200 0.258[39m[0m[0m
[1m[0mINFO[0m[0m[0m[22m [[3m2020-25-04 18:21:11[23m] [38;5;246mload saved model...[39m[0m[0m
[1m[0mINFO[0m[0m[0m[22m [[3m2020-25-04 18:21:19[23m] [38;5;246mREMOTE_ADDR: 127.0.0.1,  HTTP_USER_AGENT: "Mozilla/5.0 (Macintosh; Intel Mac OS X 10_15_2) AppleWebKit/537.36 (KHTML, like Gecko) QtWebEngine/5.12.1 Chrome/69.0.3497.128 Safari/537.36", HTTP_HOST: 127.0.0.1:8000,  REQUEST_METHOD: GET,  PATH_INFO: /, request_status: 200, RESPONSE_TIME: 0.001[39m[0m[0m
[1m[0mINFO[0m[0m[0m[22m [[3m2020-25-04 18:21:20[23m] [38;5;246mREMOTE_ADDR: 127.0.0.1,  HTTP_USER_AGENT: "Mozilla/5.0 (Macintosh; Intel Mac OS X 10_15_2) AppleWebKit/537.36 (KHTML, like Gecko) QtWebEngine/5.12.1 Chrome/69.0.3497.128 Safari/537.36", HTTP_HOST: 127.0.0.1:8000,  REQUEST_METHOD: GET,  PATH_INFO: /swagger.json, request_status: 200, RESPONSE_TIME: 0.002[39m[0m[0m
[1m[38;5;31mDEBUG[39m[0m[0m[22m [[3m2020-25-04 18:21:23[23m] [38;5;244mRequest Values - x: -5.958191, y:0.6880646, z:8.135345, time_diff:-1.424695, User:a, Model:nexus4, Device:nexus4_1, gt:stand[39m[0m[0m
[1m[38;5;31mDEBUG[39m[0m[0m[22m [[3m2020-25-04 18:21:23[23m] [38;5;244mGenerate data.table...[39m[0m[0m
[1m[38;5;31mDEBUG[39m[0m[0m[22m [[3m2020-25-04 18:21:23[23m] [38;5;244mConvert to H20.ai Object...[39m[0m[0m
[1m[38;5;31mDEBUG[39m[0m[0m[22m [[3m2020-25-04 18:21:23[23m] [38;5;244mMake prediction...[39m[0m[0m
[1m[38;5;31mDEBUG[39m[0m[0m[22m [[3m2020-25-04 18:21:23[23m] [38;5;244mCluster predicted: 1[39m[0m[0m
[1m[0mINFO[0m[0m[0m[22m [[3m2020-25-04 18:21:23[23m] [38;5;246mREMOTE_ADDR: 127.0.0.1,  HTTP_USER_AGENT: "curl/7.64.1", HTTP_HOST: 127.0.0.1:8000,  REQUEST_METHOD: POST,  PATH_INFO: /prediction, request_status: 200, RESPONSE_TIME: 0.267[39m[0m[0m
[1m[38;5;31mDEBUG[39m[0m[0m[22m [[3m2020-25-04 18:21:25[23m] [38;5;244mRequest Values - x: -5.958191, y:0.6880646, z:8.135345, time_diff:-1.424695, User:a, Model:nexus4, Device:nexus4_1, gt:stand[39m[0m[0m
[1m[38;5;31mDEBUG[39m[0m[0m[22m [[3m2020-25-04 18:21:25[23m] [38;5;244mGenerate data.table...[39m[0m[0m
[1m[38;5;31mDEBUG[39m[0m[0m[22m [[3m2020-25-04 18:21:25[23m] [38;5;244mConvert to H20.ai Object...[39m[0m[0m
[1m[38;5;31mDEBUG[39m[0m[0m[22m [[3m2020-25-04 18:21:26[23m] [38;5;244mMake prediction...[39m[0m[0m
[1m[38;5;31mDEBUG[39m[0m[0m[22m [[3m2020-25-04 18:21:26[23m] [38;5;244mCluster predicted: 1[39m[0m[0m
[1m[0mINFO[0m[0m[0m[22m [[3m2020-25-04 18:21:26[23m] [38;5;246mREMOTE_ADDR: 127.0.0.1,  HTTP_USER_AGENT: "curl/7.64.1", HTTP_HOST: 127.0.0.1:8000,  REQUEST_METHOD: POST,  PATH_INFO: /prediction, request_status: 200, RESPONSE_TIME: 0.275[39m[0m[0m
[1m[38;5;31mDEBUG[39m[0m[0m[22m [[3m2020-25-04 18:21:27[23m] [38;5;244mRequest Values - x: -5.958191, y:0.6880646, z:8.135345, time_diff:-1.424695, User:a, Model:nexus4, Device:nexus4_1, gt:stand[39m[0m[0m
[1m[38;5;31mDEBUG[39m[0m[0m[22m [[3m2020-25-04 18:21:27[23m] [38;5;244mGenerate data.table...[39m[0m[0m
[1m[38;5;31mDEBUG[39m[0m[0m[22m [[3m2020-25-04 18:21:27[23m] [38;5;244mConvert to H20.ai Object...[39m[0m[0m
[1m[38;5;31mDEBUG[39m[0m[0m[22m [[3m2020-25-04 18:21:27[23m] [38;5;244mMake prediction...[39m[0m[0m
[1m[38;5;31mDEBUG[39m[0m[0m[22m [[3m2020-25-04 18:21:27[23m] [38;5;244mCluster predicted: 1[39m[0m[0m
[1m[0mINFO[0m[0m[0m[22m [[3m2020-25-04 18:21:27[23m] [38;5;246mREMOTE_ADDR: 127.0.0.1,  HTTP_USER_AGENT: "curl/7.64.1", HTTP_HOST: 127.0.0.1:8000,  REQUEST_METHOD: POST,  PATH_INFO: /prediction, request_status: 200, RESPONSE_TIME: 0.264[39m[0m[0m
[1m[38;5;31mDEBUG[39m[0m[0m[22m [[3m2020-25-04 18:21:28[23m] [38;5;244mRequest Values - x: -5.958191, y:0.6880646, z:8.135345, time_diff:-1.424695, User:a, Model:nexus4, Device:nexus4_1, gt:stand[39m[0m[0m
[1m[38;5;31mDEBUG[39m[0m[0m[22m [[3m2020-25-04 18:21:28[23m] [38;5;244mGenerate data.table...[39m[0m[0m
[1m[38;5;31mDEBUG[39m[0m[0m[22m [[3m2020-25-04 18:21:28[23m] [38;5;244mConvert to H20.ai Object...[39m[0m[0m
[1m[38;5;31mDEBUG[39m[0m[0m[22m [[3m2020-25-04 18:21:28[23m] [38;5;244mMake prediction...[39m[0m[0m
[1m[38;5;31mDEBUG[39m[0m[0m[22m [[3m2020-25-04 18:21:29[23m] [38;5;244mCluster predicted: 1[39m[0m[0m
[1m[0mINFO[0m[0m[0m[22m [[3m2020-25-04 18:21:29[23m] [38;5;246mREMOTE_ADDR: 127.0.0.1,  HTTP_USER_AGENT: "curl/7.64.1", HTTP_HOST: 127.0.0.1:8000,  REQUEST_METHOD: POST,  PATH_INFO: /prediction, request_status: 200, RESPONSE_TIME: 0.264[39m[0m[0m
[1m[0mINFO[0m[0m[0m[22m [[3m2020-25-04 18:40:23[23m] [38;5;246mload saved model...[39m[0m[0m
[1m[0mINFO[0m[0m[0m[22m [[3m2020-25-04 18:40:52[23m] [38;5;246mload saved model...[39m[0m[0m
[1m[38;5;31mDEBUG[39m[0m[0m[22m [[3m2020-25-04 18:40:55[23m] [38;5;244mRequest Values - x: -5.958191, y:0.6880646, z:8.135345, time_diff:-1.424695, User:a, Model:nexus4, Device:nexus4_1, gt:stand[39m[0m[0m
[1m[38;5;31mDEBUG[39m[0m[0m[22m [[3m2020-25-04 18:40:55[23m] [38;5;244mGenerate data.table...[39m[0m[0m
[1m[38;5;31mDEBUG[39m[0m[0m[22m [[3m2020-25-04 18:40:55[23m] [38;5;244mConvert to H20.ai Object...[39m[0m[0m
[1m[38;5;31mDEBUG[39m[0m[0m[22m [[3m2020-25-04 18:40:55[23m] [38;5;244mMake prediction...[39m[0m[0m
[1m[38;5;31mDEBUG[39m[0m[0m[22m [[3m2020-25-04 18:40:55[23m] [38;5;244mCluster predicted: 1[39m[0m[0m
[1m[0mINFO[0m[0m[0m[22m [[3m2020-25-04 18:40:55[23m] [38;5;246mREMOTE_ADDR: 127.0.0.1,  HTTP_USER_AGENT: "curl/7.64.1", HTTP_HOST: 127.0.0.1:8000,  REQUEST_METHOD: POST,  PATH_INFO: /prediction, request_status: 200, RESPONSE_TIME: 0.303[39m[0m[0m
[1m[38;5;31mDEBUG[39m[0m[0m[22m [[3m2020-25-04 18:40:56[23m] [38;5;244mRequest Values - x: -5.958191, y:0.6880646, z:8.135345, time_diff:-1.424695, User:a, Model:nexus4, Device:nexus4_1, gt:stand[39m[0m[0m
[1m[38;5;31mDEBUG[39m[0m[0m[22m [[3m2020-25-04 18:40:56[23m] [38;5;244mGenerate data.table...[39m[0m[0m
[1m[38;5;31mDEBUG[39m[0m[0m[22m [[3m2020-25-04 18:40:56[23m] [38;5;244mConvert to H20.ai Object...[39m[0m[0m
[1m[38;5;31mDEBUG[39m[0m[0m[22m [[3m2020-25-04 18:40:56[23m] [38;5;244mMake prediction...[39m[0m[0m
[1m[38;5;31mDEBUG[39m[0m[0m[22m [[3m2020-25-04 18:40:56[23m] [38;5;244mCluster predicted: 1[39m[0m[0m
[1m[0mINFO[0m[0m[0m[22m [[3m2020-25-04 18:40:56[23m] [38;5;246mREMOTE_ADDR: 127.0.0.1,  HTTP_USER_AGENT: "curl/7.64.1", HTTP_HOST: 127.0.0.1:8000,  REQUEST_METHOD: POST,  PATH_INFO: /prediction, request_status: 200, RESPONSE_TIME: 0.219[39m[0m[0m
[1m[38;5;31mDEBUG[39m[0m[0m[22m [[3m2020-25-04 18:40:57[23m] [38;5;244mRequest Values - x: -5.958191, y:0.6880646, z:8.135345, time_diff:-1.424695, User:a, Model:nexus4, Device:nexus4_1, gt:stand[39m[0m[0m
[1m[38;5;31mDEBUG[39m[0m[0m[22m [[3m2020-25-04 18:40:57[23m] [38;5;244mGenerate data.table...[39m[0m[0m
[1m[38;5;31mDEBUG[39m[0m[0m[22m [[3m2020-25-04 18:40:57[23m] [38;5;244mConvert to H20.ai Object...[39m[0m[0m
[1m[38;5;31mDEBUG[39m[0m[0m[22m [[3m2020-25-04 18:40:57[23m] [38;5;244mMake prediction...[39m[0m[0m
[1m[38;5;31mDEBUG[39m[0m[0m[22m [[3m2020-25-04 18:40:57[23m] [38;5;244mCluster predicted: 1[39m[0m[0m
[1m[0mINFO[0m[0m[0m[22m [[3m2020-25-04 18:40:57[23m] [38;5;246mREMOTE_ADDR: 127.0.0.1,  HTTP_USER_AGENT: "curl/7.64.1", HTTP_HOST: 127.0.0.1:8000,  REQUEST_METHOD: POST,  PATH_INFO: /prediction, request_status: 200, RESPONSE_TIME: 0.187[39m[0m[0m
[1m[38;5;31mDEBUG[39m[0m[0m[22m [[3m2020-25-04 18:40:59[23m] [38;5;244mRequest Values - x: -5.958191, y:0.6880646, z:8.135345, time_diff:-1.424695, User:a, Model:nexus4, Device:nexus4_1, gt:stand[39m[0m[0m
[1m[38;5;31mDEBUG[39m[0m[0m[22m [[3m2020-25-04 18:40:59[23m] [38;5;244mGenerate data.table...[39m[0m[0m
[1m[38;5;31mDEBUG[39m[0m[0m[22m [[3m2020-25-04 18:40:59[23m] [38;5;244mConvert to H20.ai Object...[39m[0m[0m
[1m[38;5;31mDEBUG[39m[0m[0m[22m [[3m2020-25-04 18:40:59[23m] [38;5;244mMake prediction...[39m[0m[0m
[1m[38;5;31mDEBUG[39m[0m[0m[22m [[3m2020-25-04 18:40:59[23m] [38;5;244mCluster predicted: 1[39m[0m[0m
[1m[0mINFO[0m[0m[0m[22m [[3m2020-25-04 18:40:59[23m] [38;5;246mREMOTE_ADDR: 127.0.0.1,  HTTP_USER_AGENT: "curl/7.64.1", HTTP_HOST: 127.0.0.1:8000,  REQUEST_METHOD: POST,  PATH_INFO: /prediction, request_status: 200, RESPONSE_TIME: 0.191[39m[0m[0m
[1m[38;5;31mDEBUG[39m[0m[0m[22m [[3m2020-25-04 18:41:00[23m] [38;5;244mRequest Values - x: -5.958191, y:0.6880646, z:8.135345, time_diff:-1.424695, User:a, Model:nexus4, Device:nexus4_1, gt:stand[39m[0m[0m
[1m[38;5;31mDEBUG[39m[0m[0m[22m [[3m2020-25-04 18:41:00[23m] [38;5;244mGenerate data.table...[39m[0m[0m
[1m[38;5;31mDEBUG[39m[0m[0m[22m [[3m2020-25-04 18:41:00[23m] [38;5;244mConvert to H20.ai Object...[39m[0m[0m
[1m[38;5;31mDEBUG[39m[0m[0m[22m [[3m2020-25-04 18:41:00[23m] [38;5;244mMake prediction...[39m[0m[0m
[1m[38;5;31mDEBUG[39m[0m[0m[22m [[3m2020-25-04 18:41:00[23m] [38;5;244mCluster predicted: 1[39m[0m[0m
[1m[0mINFO[0m[0m[0m[22m [[3m2020-25-04 18:41:00[23m] [38;5;246mREMOTE_ADDR: 127.0.0.1,  HTTP_USER_AGENT: "curl/7.64.1", HTTP_HOST: 127.0.0.1:8000,  REQUEST_METHOD: POST,  PATH_INFO: /prediction, request_status: 200, RESPONSE_TIME: 0.184[39m[0m[0m
[1m[38;5;31mDEBUG[39m[0m[0m[22m [[3m2020-25-04 18:41:01[23m] [38;5;244mRequest Values - x: -5.958191, y:0.6880646, z:8.135345, time_diff:-1.424695, User:a, Model:nexus4, Device:nexus4_1, gt:stand[39m[0m[0m
[1m[38;5;31mDEBUG[39m[0m[0m[22m [[3m2020-25-04 18:41:01[23m] [38;5;244mGenerate data.table...[39m[0m[0m
[1m[38;5;31mDEBUG[39m[0m[0m[22m [[3m2020-25-04 18:41:01[23m] [38;5;244mConvert to H20.ai Object...[39m[0m[0m
[1m[38;5;31mDEBUG[39m[0m[0m[22m [[3m2020-25-04 18:41:01[23m] [38;5;244mMake prediction...[39m[0m[0m
[1m[38;5;31mDEBUG[39m[0m[0m[22m [[3m2020-25-04 18:41:01[23m] [38;5;244mCluster predicted: 1[39m[0m[0m
[1m[0mINFO[0m[0m[0m[22m [[3m2020-25-04 18:41:01[23m] [38;5;246mREMOTE_ADDR: 127.0.0.1,  HTTP_USER_AGENT: "curl/7.64.1", HTTP_HOST: 127.0.0.1:8000,  REQUEST_METHOD: POST,  PATH_INFO: /prediction, request_status: 200, RESPONSE_TIME: 0.186[39m[0m[0m
